Change Component Designator: Old Designator=C29 New Designator=C8
Change Component Designator: Old Designator=C30 New Designator=C9
Change Component Designator: Old Designator=C31 New Designator=C10
Change Component Designator: Old Designator=C32 New Designator=C11
Change Component Designator: Old Designator=C33 New Designator=C12
Change Component Designator: Old Designator=C34 New Designator=C13
Change Component Designator: Old Designator=C35 New Designator=C14
Change Component Designator: Old Designator=C36 New Designator=C15
Change Component Designator: Old Designator=C37 New Designator=C16
Change Component Designator: Old Designator=C38 New Designator=C17
Change Component Designator: Old Designator=C39 New Designator=C18
Change Component Designator: Old Designator=C40 New Designator=C19
Change Component Designator: Old Designator=C41 New Designator=C20
Change Component Designator: Old Designator=C42 New Designator=C21
Change Component Designator: Old Designator=C43 New Designator=C22
Change Component Designator: Old Designator=C44 New Designator=C23
Change Component Designator: Old Designator=C45 New Designator=C24
Change Component Designator: Old Designator=C46 New Designator=C25
Change Component Designator: Old Designator=C47 New Designator=C26
Change Component Designator: Old Designator=C48 New Designator=C27
Change Component Designator: Old Designator=C49 New Designator=C28
Change Component Designator: Old Designator=C50 New Designator=C29
Change Component Designator: Old Designator=C51 New Designator=C30
Change Component Designator: Old Designator=C52 New Designator=C31
Change Component Designator: Old Designator=C53 New Designator=C32
Change Component Designator: Old Designator=C54 New Designator=C33
Change Component Designator: Old Designator=C55 New Designator=C34
Change Component Designator: Old Designator=D5 New Designator=D1
Change Component Designator: Old Designator=D6 New Designator=D2
Change Component Designator: Old Designator=D7 New Designator=D3
Change Component Designator: Old Designator=D8 New Designator=D4
Change Component Designator: Old Designator=D9 New Designator=D5
Change Component Designator: Old Designator=D10 New Designator=D6
Change Component Designator: Old Designator=D11 New Designator=D7
Change Component Designator: Old Designator=J3 New Designator=J2
Change Component Designator: Old Designator=JP5 New Designator=JP1
Change Component Designator: Old Designator=JP6 New Designator=JP2
Change Component Designator: Old Designator=JP7 New Designator=JP3
Change Component Designator: Old Designator=JP8 New Designator=JP4
Change Component Designator: Old Designator=JP9 New Designator=JP5
Change Component Designator: Old Designator=L3 New Designator=L1
Change Component Designator: Old Designator=L4 New Designator=L2
Change Component Designator: Old Designator=L5 New Designator=L3
Change Component Designator: Old Designator=LED6 New Designator=LED3
Change Component Designator: Old Designator=LED7 New Designator=LED4
Change Component Designator: Old Designator=LED8 New Designator=LED5
Change Component Designator: Old Designator=R22 New Designator=R7
Change Component Designator: Old Designator=R23 New Designator=R8
Change Component Designator: Old Designator=R24 New Designator=R9
Change Component Designator: Old Designator=R25 New Designator=R10
Change Component Designator: Old Designator=R26 New Designator=R11
Change Component Designator: Old Designator=R27 New Designator=R12
Change Component Designator: Old Designator=R28 New Designator=R13
Change Component Designator: Old Designator=R29 New Designator=R14
Change Component Designator: Old Designator=R30 New Designator=R15
Change Component Designator: Old Designator=R31 New Designator=R16
Change Component Designator: Old Designator=R32 New Designator=R17
Change Component Designator: Old Designator=R33 New Designator=R18
Change Component Designator: Old Designator=R34 New Designator=R19
Change Component Designator: Old Designator=R35 New Designator=R20
Change Component Designator: Old Designator=R36 New Designator=R21
Change Component Designator: Old Designator=R37 New Designator=R22
Change Component Designator: Old Designator=R38 New Designator=R23
Change Component Designator: Old Designator=U5 New Designator=U2
Change Component Designator: Old Designator=U6 New Designator=U3
Change Component Designator: Old Designator=U7 New Designator=U4
Change Component Designator: Old Designator=U8 New Designator=U5
