Change Component Designator: Old Designator=C1 New Designator=C14
Change Component Designator: Old Designator=C2 New Designator=C17
Change Component Designator: Old Designator=C3 New Designator=C16
Change Component Designator: Old Designator=C4 New Designator=C2
Change Component Designator: Old Designator=C5 New Designator=C3
Change Component Designator: Old Designator=C6 New Designator=C1
Change Component Designator: Old Designator=C7 New Designator=C4
Change Component Designator: Old Designator=C8 New Designator=C5
Change Component Designator: Old Designator=C9 New Designator=C6
Change Component Designator: Old Designator=C10 New Designator=C7
Change Component Designator: Old Designator=C11 New Designator=C9
Change Component Designator: Old Designator=C12 New Designator=C8
Change Component Designator: Old Designator=C13 New Designator=C10
Change Component Designator: Old Designator=C14 New Designator=C13
Change Component Designator: Old Designator=C22 New Designator=C11
Change Component Designator: Old Designator=C23 New Designator=C12
Change Component Designator: Old Designator=C24 New Designator=C15
Change Component Designator: Old Designator=C25 New Designator=C20
Change Component Designator: Old Designator=C26 New Designator=C21
Change Component Designator: Old Designator=C27 New Designator=C18
Change Component Designator: Old Designator=C28 New Designator=C19
Change Component Designator: Old Designator=L1 New Designator=L2
Change Component Designator: Old Designator=L2 New Designator=L1
Change Component Designator: Old Designator=LED1 New Designator=LED2
Change Component Designator: Old Designator=LED4 New Designator=LED1
Change Component Designator: Old Designator=LED5 New Designator=LED3
Change Component Designator: Old Designator=R1 New Designator=R12
Change Component Designator: Old Designator=R2 New Designator=R13
Change Component Designator: Old Designator=R3 New Designator=R2
Change Component Designator: Old Designator=R4 New Designator=R1
Change Component Designator: Old Designator=R5 New Designator=R3
Change Component Designator: Old Designator=R6 New Designator=R4
Change Component Designator: Old Designator=R7 New Designator=R5
Change Component Designator: Old Designator=R8 New Designator=R9
Change Component Designator: Old Designator=R9 New Designator=R7
Change Component Designator: Old Designator=R10 New Designator=R14
Change Component Designator: Old Designator=R11 New Designator=R8
Change Component Designator: Old Designator=R12 New Designator=R11
Change Component Designator: Old Designator=R13 New Designator=R6
Change Component Designator: Old Designator=R20 New Designator=R10
Change Component Designator: Old Designator=R21 New Designator=R15
Change Component Designator: Old Designator=U3 New Designator=U2
Change Component Designator: Old Designator=U4 New Designator=U3
