The target system is: Linux -  - arm
The host system is: Linux - 6.5.0-25-generic - x86_64
Compiling the C compiler identification source file "CMakeCCompilerId.c" succeeded.
Compiler: /home/kinsley/gcc-arm-10.2-2020.11-x86_64-arm-none-linux-gnueabihf/bin/arm-none-linux-gnueabihf-gcc 
Build flags: 
Id flags:  

The output was:
0


Compilation of the C compiler identification source "CMakeCCompilerId.c" produced "a.out"

The C compiler identification is GNU, found in "/home/kinsley/project/SkyPulseUAV_Device/build/CMakeFiles/3.22.1/CompilerIdC/a.out"

Compiling the CXX compiler identification source file "CMakeCXXCompilerId.cpp" succeeded.
Compiler: /home/kinsley/gcc-arm-10.2-2020.11-x86_64-arm-none-linux-gnueabihf/bin/arm-none-linux-gnueabihf-g++ 
Build flags: 
Id flags:  

The output was:
0


Compilation of the CXX compiler identification source "CMakeCXXCompilerId.cpp" produced "a.out"

The CXX compiler identification is GNU, found in "/home/kinsley/project/SkyPulseUAV_Device/build/CMakeFiles/3.22.1/CompilerIdCXX/a.out"

Detecting C compiler ABI info compiled with the following output:
Change Dir: /home/kinsley/project/SkyPulseUAV_Device/build/CMakeFiles/CMakeTmp

Run Build Command(s):/usr/bin/gmake -f Makefile cmTC_e7d5b/fast && /usr/bin/gmake  -f CMakeFiles/cmTC_e7d5b.dir/build.make CMakeFiles/cmTC_e7d5b.dir/build
gmake[1]: Entering directory '/home/kinsley/project/SkyPulseUAV_Device/build/CMakeFiles/CMakeTmp'
Building C object CMakeFiles/cmTC_e7d5b.dir/CMakeCCompilerABI.c.o
/home/kinsley/gcc-arm-10.2-2020.11-x86_64-arm-none-linux-gnueabihf/bin/arm-none-linux-gnueabihf-gcc   -v -o CMakeFiles/cmTC_e7d5b.dir/CMakeCCompilerABI.c.o -c /usr/share/cmake-3.22/Modules/CMakeCCompilerABI.c
Using built-in specs.
COLLECT_GCC=/home/kinsley/gcc-arm-10.2-2020.11-x86_64-arm-none-linux-gnueabihf/bin/arm-none-linux-gnueabihf-gcc
Target: arm-none-linux-gnueabihf
Configured with: /tmp/dgboter/bbs/build03--cen7x86_64/buildbot/cen7x86_64--arm-none-linux-gnueabihf/build/src/gcc/configure --target=arm-none-linux-gnueabihf --prefix= --with-sysroot=/arm-none-linux-gnueabihf/libc --with-build-sysroot=/tmp/dgboter/bbs/build03--cen7x86_64/buildbot/cen7x86_64--arm-none-linux-gnueabihf/build/build-arm-none-linux-gnueabihf/install//arm-none-linux-gnueabihf/libc --with-bugurl=https://bugs.linaro.org/ --enable-gnu-indirect-function --enable-shared --disable-libssp --disable-libmudflap --enable-checking=release --enable-languages=c,c++,fortran --with-gmp=/tmp/dgboter/bbs/build03--cen7x86_64/buildbot/cen7x86_64--arm-none-linux-gnueabihf/build/build-arm-none-linux-gnueabihf/host-tools --with-mpfr=/tmp/dgboter/bbs/build03--cen7x86_64/buildbot/cen7x86_64--arm-none-linux-gnueabihf/build/build-arm-none-linux-gnueabihf/host-tools --with-mpc=/tmp/dgboter/bbs/build03--cen7x86_64/buildbot/cen7x86_64--arm-none-linux-gnueabihf/build/build-arm-none-linux-gnueabihf/host-tools --with-isl=/tmp/dgboter/bbs/build03--cen7x86_64/buildbot/cen7x86_64--arm-none-linux-gnueabihf/build/build-arm-none-linux-gnueabihf/host-tools --with-arch=armv7-a --with-fpu=neon --with-float=hard --with-mode=thumb --with-arch=armv7-a --with-pkgversion='GNU Toolchain for the A-profile Architecture 10.2-2020.11 (arm-10.16)'
Thread model: posix
Supported LTO compression algorithms: zlib
gcc version 10.2.1 20201103 (GNU Toolchain for the A-profile Architecture 10.2-2020.11 (arm-10.16)) 
COLLECT_GCC_OPTIONS='-v' '-o' 'CMakeFiles/cmTC_e7d5b.dir/CMakeCCompilerABI.c.o' '-c'  '-mfloat-abi=hard' '-mfpu=neon' '-mthumb' '-mtls-dialect=gnu' '-march=armv7-a+simd'
 /home/kinsley/gcc-arm-10.2-2020.11-x86_64-arm-none-linux-gnueabihf/bin/../libexec/gcc/arm-none-linux-gnueabihf/10.2.1/cc1 -quiet -v -iprefix /home/kinsley/gcc-arm-10.2-2020.11-x86_64-arm-none-linux-gnueabihf/bin/../lib/gcc/arm-none-linux-gnueabihf/10.2.1/ -isysroot /home/kinsley/gcc-arm-10.2-2020.11-x86_64-arm-none-linux-gnueabihf/bin/../arm-none-linux-gnueabihf/libc /usr/share/cmake-3.22/Modules/CMakeCCompilerABI.c -quiet -dumpbase CMakeCCompilerABI.c -mfloat-abi=hard -mfpu=neon -mthumb -mtls-dialect=gnu -march=armv7-a+simd -auxbase-strip CMakeFiles/cmTC_e7d5b.dir/CMakeCCompilerABI.c.o -version -o /tmp/ccTlKMPV.s
GNU C17 (GNU Toolchain for the A-profile Architecture 10.2-2020.11 (arm-10.16)) version 10.2.1 20201103 (arm-none-linux-gnueabihf)
	compiled by GNU C version 4.8.5 20150623 (Red Hat 4.8.5-39), GMP version 4.3.2, MPFR version 3.1.6, MPC version 1.0.3, isl version isl-0.15-1-g835ea3a-GMP

GGC heuristics: --param ggc-min-expand=100 --param ggc-min-heapsize=131072
ignoring duplicate directory "/home/kinsley/gcc-arm-10.2-2020.11-x86_64-arm-none-linux-gnueabihf/bin/../lib/gcc/../../lib/gcc/arm-none-linux-gnueabihf/10.2.1/include"
ignoring nonexistent directory "/home/kinsley/gcc-arm-10.2-2020.11-x86_64-arm-none-linux-gnueabihf/bin/../arm-none-linux-gnueabihf/libc/usr/local/include"
ignoring duplicate directory "/home/kinsley/gcc-arm-10.2-2020.11-x86_64-arm-none-linux-gnueabihf/bin/../lib/gcc/../../lib/gcc/arm-none-linux-gnueabihf/10.2.1/include-fixed"
ignoring duplicate directory "/home/kinsley/gcc-arm-10.2-2020.11-x86_64-arm-none-linux-gnueabihf/bin/../lib/gcc/../../lib/gcc/arm-none-linux-gnueabihf/10.2.1/../../../../arm-none-linux-gnueabihf/include"
#include "..." search starts here:
#include <...> search starts here:
 /home/kinsley/gcc-arm-10.2-2020.11-x86_64-arm-none-linux-gnueabihf/bin/../lib/gcc/arm-none-linux-gnueabihf/10.2.1/include
 /home/kinsley/gcc-arm-10.2-2020.11-x86_64-arm-none-linux-gnueabihf/bin/../lib/gcc/arm-none-linux-gnueabihf/10.2.1/include-fixed
 /home/kinsley/gcc-arm-10.2-2020.11-x86_64-arm-none-linux-gnueabihf/bin/../lib/gcc/arm-none-linux-gnueabihf/10.2.1/../../../../arm-none-linux-gnueabihf/include
 /home/kinsley/gcc-arm-10.2-2020.11-x86_64-arm-none-linux-gnueabihf/bin/../arm-none-linux-gnueabihf/libc/usr/include
End of search list.
GNU C17 (GNU Toolchain for the A-profile Architecture 10.2-2020.11 (arm-10.16)) version 10.2.1 20201103 (arm-none-linux-gnueabihf)
	compiled by GNU C version 4.8.5 20150623 (Red Hat 4.8.5-39), GMP version 4.3.2, MPFR version 3.1.6, MPC version 1.0.3, isl version isl-0.15-1-g835ea3a-GMP

GGC heuristics: --param ggc-min-expand=100 --param ggc-min-heapsize=131072
Compiler executable checksum: d0d3d75a0e1e99e31899d4d83cf27b91
COLLECT_GCC_OPTIONS='-v' '-o' 'CMakeFiles/cmTC_e7d5b.dir/CMakeCCompilerABI.c.o' '-c'  '-mfloat-abi=hard' '-mfpu=neon' '-mthumb' '-mtls-dialect=gnu' '-march=armv7-a+simd'
 /home/kinsley/gcc-arm-10.2-2020.11-x86_64-arm-none-linux-gnueabihf/bin/../lib/gcc/arm-none-linux-gnueabihf/10.2.1/../../../../arm-none-linux-gnueabihf/bin/as -v -march=armv7-a -mfloat-abi=hard -mfpu=neon -meabi=5 -o CMakeFiles/cmTC_e7d5b.dir/CMakeCCompilerABI.c.o /tmp/ccTlKMPV.s
GNU assembler version 2.35.1 (arm-none-linux-gnueabihf) using BFD version (GNU Toolchain for the A-profile Architecture 10.2-2020.11 (arm-10.16)) 2.35.1.20201028
COMPILER_PATH=/home/kinsley/gcc-arm-10.2-2020.11-x86_64-arm-none-linux-gnueabihf/bin/../libexec/gcc/arm-none-linux-gnueabihf/10.2.1/:/home/kinsley/gcc-arm-10.2-2020.11-x86_64-arm-none-linux-gnueabihf/bin/../libexec/gcc/:/home/kinsley/gcc-arm-10.2-2020.11-x86_64-arm-none-linux-gnueabihf/bin/../lib/gcc/arm-none-linux-gnueabihf/10.2.1/../../../../arm-none-linux-gnueabihf/bin/
LIBRARY_PATH=/home/kinsley/gcc-arm-10.2-2020.11-x86_64-arm-none-linux-gnueabihf/bin/../lib/gcc/arm-none-linux-gnueabihf/10.2.1/:/home/kinsley/gcc-arm-10.2-2020.11-x86_64-arm-none-linux-gnueabihf/bin/../lib/gcc/:/home/kinsley/gcc-arm-10.2-2020.11-x86_64-arm-none-linux-gnueabihf/bin/../lib/gcc/arm-none-linux-gnueabihf/10.2.1/../../../../arm-none-linux-gnueabihf/lib/:/home/kinsley/gcc-arm-10.2-2020.11-x86_64-arm-none-linux-gnueabihf/bin/../arm-none-linux-gnueabihf/libc/lib/:/home/kinsley/gcc-arm-10.2-2020.11-x86_64-arm-none-linux-gnueabihf/bin/../arm-none-linux-gnueabihf/libc/usr/lib/
COLLECT_GCC_OPTIONS='-v' '-o' 'CMakeFiles/cmTC_e7d5b.dir/CMakeCCompilerABI.c.o' '-c'  '-mfloat-abi=hard' '-mfpu=neon' '-mthumb' '-mtls-dialect=gnu' '-march=armv7-a+simd'
Linking C executable cmTC_e7d5b
/usr/bin/cmake -E cmake_link_script CMakeFiles/cmTC_e7d5b.dir/link.txt --verbose=1
/home/kinsley/gcc-arm-10.2-2020.11-x86_64-arm-none-linux-gnueabihf/bin/arm-none-linux-gnueabihf-gcc  -v -rdynamic CMakeFiles/cmTC_e7d5b.dir/CMakeCCompilerABI.c.o -o cmTC_e7d5b 
Using built-in specs.
COLLECT_GCC=/home/kinsley/gcc-arm-10.2-2020.11-x86_64-arm-none-linux-gnueabihf/bin/arm-none-linux-gnueabihf-gcc
COLLECT_LTO_WRAPPER=/home/kinsley/gcc-arm-10.2-2020.11-x86_64-arm-none-linux-gnueabihf/bin/../libexec/gcc/arm-none-linux-gnueabihf/10.2.1/lto-wrapper
Target: arm-none-linux-gnueabihf
Configured with: /tmp/dgboter/bbs/build03--cen7x86_64/buildbot/cen7x86_64--arm-none-linux-gnueabihf/build/src/gcc/configure --target=arm-none-linux-gnueabihf --prefix= --with-sysroot=/arm-none-linux-gnueabihf/libc --with-build-sysroot=/tmp/dgboter/bbs/build03--cen7x86_64/buildbot/cen7x86_64--arm-none-linux-gnueabihf/build/build-arm-none-linux-gnueabihf/install//arm-none-linux-gnueabihf/libc --with-bugurl=https://bugs.linaro.org/ --enable-gnu-indirect-function --enable-shared --disable-libssp --disable-libmudflap --enable-checking=release --enable-languages=c,c++,fortran --with-gmp=/tmp/dgboter/bbs/build03--cen7x86_64/buildbot/cen7x86_64--arm-none-linux-gnueabihf/build/build-arm-none-linux-gnueabihf/host-tools --with-mpfr=/tmp/dgboter/bbs/build03--cen7x86_64/buildbot/cen7x86_64--arm-none-linux-gnueabihf/build/build-arm-none-linux-gnueabihf/host-tools --with-mpc=/tmp/dgboter/bbs/build03--cen7x86_64/buildbot/cen7x86_64--arm-none-linux-gnueabihf/build/build-arm-none-linux-gnueabihf/host-tools --with-isl=/tmp/dgboter/bbs/build03--cen7x86_64/buildbot/cen7x86_64--arm-none-linux-gnueabihf/build/build-arm-none-linux-gnueabihf/host-tools --with-arch=armv7-a --with-fpu=neon --with-float=hard --with-mode=thumb --with-arch=armv7-a --with-pkgversion='GNU Toolchain for the A-profile Architecture 10.2-2020.11 (arm-10.16)'
Thread model: posix
Supported LTO compression algorithms: zlib
gcc version 10.2.1 20201103 (GNU Toolchain for the A-profile Architecture 10.2-2020.11 (arm-10.16)) 
COMPILER_PATH=/home/kinsley/gcc-arm-10.2-2020.11-x86_64-arm-none-linux-gnueabihf/bin/../libexec/gcc/arm-none-linux-gnueabihf/10.2.1/:/home/kinsley/gcc-arm-10.2-2020.11-x86_64-arm-none-linux-gnueabihf/bin/../libexec/gcc/:/home/kinsley/gcc-arm-10.2-2020.11-x86_64-arm-none-linux-gnueabihf/bin/../lib/gcc/arm-none-linux-gnueabihf/10.2.1/../../../../arm-none-linux-gnueabihf/bin/
LIBRARY_PATH=/home/kinsley/gcc-arm-10.2-2020.11-x86_64-arm-none-linux-gnueabihf/bin/../lib/gcc/arm-none-linux-gnueabihf/10.2.1/:/home/kinsley/gcc-arm-10.2-2020.11-x86_64-arm-none-linux-gnueabihf/bin/../lib/gcc/:/home/kinsley/gcc-arm-10.2-2020.11-x86_64-arm-none-linux-gnueabihf/bin/../lib/gcc/arm-none-linux-gnueabihf/10.2.1/../../../../arm-none-linux-gnueabihf/lib/:/home/kinsley/gcc-arm-10.2-2020.11-x86_64-arm-none-linux-gnueabihf/bin/../arm-none-linux-gnueabihf/libc/lib/:/home/kinsley/gcc-arm-10.2-2020.11-x86_64-arm-none-linux-gnueabihf/bin/../arm-none-linux-gnueabihf/libc/usr/lib/
COLLECT_GCC_OPTIONS='-v' '-rdynamic' '-o' 'cmTC_e7d5b'  '-mfloat-abi=hard' '-mfpu=neon' '-mthumb' '-mtls-dialect=gnu' '-march=armv7-a+simd'
 /home/kinsley/gcc-arm-10.2-2020.11-x86_64-arm-none-linux-gnueabihf/bin/../libexec/gcc/arm-none-linux-gnueabihf/10.2.1/collect2 -plugin /home/kinsley/gcc-arm-10.2-2020.11-x86_64-arm-none-linux-gnueabihf/bin/../libexec/gcc/arm-none-linux-gnueabihf/10.2.1/liblto_plugin.so -plugin-opt=/home/kinsley/gcc-arm-10.2-2020.11-x86_64-arm-none-linux-gnueabihf/bin/../libexec/gcc/arm-none-linux-gnueabihf/10.2.1/lto-wrapper -plugin-opt=-fresolution=/tmp/ccLJxkIC.res -plugin-opt=-pass-through=-lgcc -plugin-opt=-pass-through=-lgcc_s -plugin-opt=-pass-through=-lc -plugin-opt=-pass-through=-lgcc -plugin-opt=-pass-through=-lgcc_s --sysroot=/home/kinsley/gcc-arm-10.2-2020.11-x86_64-arm-none-linux-gnueabihf/bin/../arm-none-linux-gnueabihf/libc --eh-frame-hdr -export-dynamic -dynamic-linker /lib/ld-linux-armhf.so.3 -X -m armelf_linux_eabi -o cmTC_e7d5b /home/kinsley/gcc-arm-10.2-2020.11-x86_64-arm-none-linux-gnueabihf/bin/../arm-none-linux-gnueabihf/libc/usr/lib/crt1.o /home/kinsley/gcc-arm-10.2-2020.11-x86_64-arm-none-linux-gnueabihf/bin/../arm-none-linux-gnueabihf/libc/usr/lib/crti.o /home/kinsley/gcc-arm-10.2-2020.11-x86_64-arm-none-linux-gnueabihf/bin/../lib/gcc/arm-none-linux-gnueabihf/10.2.1/crtbegin.o -L/home/kinsley/gcc-arm-10.2-2020.11-x86_64-arm-none-linux-gnueabihf/bin/../lib/gcc/arm-none-linux-gnueabihf/10.2.1 -L/home/kinsley/gcc-arm-10.2-2020.11-x86_64-arm-none-linux-gnueabihf/bin/../lib/gcc -L/home/kinsley/gcc-arm-10.2-2020.11-x86_64-arm-none-linux-gnueabihf/bin/../lib/gcc/arm-none-linux-gnueabihf/10.2.1/../../../../arm-none-linux-gnueabihf/lib -L/home/kinsley/gcc-arm-10.2-2020.11-x86_64-arm-none-linux-gnueabihf/bin/../arm-none-linux-gnueabihf/libc/lib -L/home/kinsley/gcc-arm-10.2-2020.11-x86_64-arm-none-linux-gnueabihf/bin/../arm-none-linux-gnueabihf/libc/usr/lib CMakeFiles/cmTC_e7d5b.dir/CMakeCCompilerABI.c.o -lgcc --push-state --as-needed -lgcc_s --pop-state -lc -lgcc --push-state --as-needed -lgcc_s --pop-state /home/kinsley/gcc-arm-10.2-2020.11-x86_64-arm-none-linux-gnueabihf/bin/../lib/gcc/arm-none-linux-gnueabihf/10.2.1/crtend.o /home/kinsley/gcc-arm-10.2-2020.11-x86_64-arm-none-linux-gnueabihf/bin/../arm-none-linux-gnueabihf/libc/usr/lib/crtn.o
COLLECT_GCC_OPTIONS='-v' '-rdynamic' '-o' 'cmTC_e7d5b'  '-mfloat-abi=hard' '-mfpu=neon' '-mthumb' '-mtls-dialect=gnu' '-march=armv7-a+simd'
gmake[1]: Leaving directory '/home/kinsley/project/SkyPulseUAV_Device/build/CMakeFiles/CMakeTmp'



Parsed C implicit include dir info from above output: rv=done
  found start of include info
  found start of implicit include info
    add: [/home/kinsley/gcc-arm-10.2-2020.11-x86_64-arm-none-linux-gnueabihf/bin/../lib/gcc/arm-none-linux-gnueabihf/10.2.1/include]
    add: [/home/kinsley/gcc-arm-10.2-2020.11-x86_64-arm-none-linux-gnueabihf/bin/../lib/gcc/arm-none-linux-gnueabihf/10.2.1/include-fixed]
    add: [/home/kinsley/gcc-arm-10.2-2020.11-x86_64-arm-none-linux-gnueabihf/bin/../lib/gcc/arm-none-linux-gnueabihf/10.2.1/../../../../arm-none-linux-gnueabihf/include]
    add: [/home/kinsley/gcc-arm-10.2-2020.11-x86_64-arm-none-linux-gnueabihf/bin/../arm-none-linux-gnueabihf/libc/usr/include]
  end of search list found
  collapse include dir [/home/kinsley/gcc-arm-10.2-2020.11-x86_64-arm-none-linux-gnueabihf/bin/../lib/gcc/arm-none-linux-gnueabihf/10.2.1/include] ==> [/home/kinsley/gcc-arm-10.2-2020.11-x86_64-arm-none-linux-gnueabihf/lib/gcc/arm-none-linux-gnueabihf/10.2.1/include]
  collapse include dir [/home/kinsley/gcc-arm-10.2-2020.11-x86_64-arm-none-linux-gnueabihf/bin/../lib/gcc/arm-none-linux-gnueabihf/10.2.1/include-fixed] ==> [/home/kinsley/gcc-arm-10.2-2020.11-x86_64-arm-none-linux-gnueabihf/lib/gcc/arm-none-linux-gnueabihf/10.2.1/include-fixed]
  collapse include dir [/home/kinsley/gcc-arm-10.2-2020.11-x86_64-arm-none-linux-gnueabihf/bin/../lib/gcc/arm-none-linux-gnueabihf/10.2.1/../../../../arm-none-linux-gnueabihf/include] ==> [/home/kinsley/gcc-arm-10.2-2020.11-x86_64-arm-none-linux-gnueabihf/arm-none-linux-gnueabihf/include]
  collapse include dir [/home/kinsley/gcc-arm-10.2-2020.11-x86_64-arm-none-linux-gnueabihf/bin/../arm-none-linux-gnueabihf/libc/usr/include] ==> [/home/kinsley/gcc-arm-10.2-2020.11-x86_64-arm-none-linux-gnueabihf/arm-none-linux-gnueabihf/libc/usr/include]
  implicit include dirs: [/home/kinsley/gcc-arm-10.2-2020.11-x86_64-arm-none-linux-gnueabihf/lib/gcc/arm-none-linux-gnueabihf/10.2.1/include;/home/kinsley/gcc-arm-10.2-2020.11-x86_64-arm-none-linux-gnueabihf/lib/gcc/arm-none-linux-gnueabihf/10.2.1/include-fixed;/home/kinsley/gcc-arm-10.2-2020.11-x86_64-arm-none-linux-gnueabihf/arm-none-linux-gnueabihf/include;/home/kinsley/gcc-arm-10.2-2020.11-x86_64-arm-none-linux-gnueabihf/arm-none-linux-gnueabihf/libc/usr/include]


Parsed C implicit link information from above output:
  link line regex: [^( *|.*[/\])(arm-none-linux-gnueabihf-ld|CMAKE_LINK_STARTFILE-NOTFOUND|([^/\]+-)?ld|collect2)[^/\]*( |$)]
  ignore line: [Change Dir: /home/kinsley/project/SkyPulseUAV_Device/build/CMakeFiles/CMakeTmp]
  ignore line: []
  ignore line: [Run Build Command(s):/usr/bin/gmake -f Makefile cmTC_e7d5b/fast && /usr/bin/gmake  -f CMakeFiles/cmTC_e7d5b.dir/build.make CMakeFiles/cmTC_e7d5b.dir/build]
  ignore line: [gmake[1]: Entering directory '/home/kinsley/project/SkyPulseUAV_Device/build/CMakeFiles/CMakeTmp']
  ignore line: [Building C object CMakeFiles/cmTC_e7d5b.dir/CMakeCCompilerABI.c.o]
  ignore line: [/home/kinsley/gcc-arm-10.2-2020.11-x86_64-arm-none-linux-gnueabihf/bin/arm-none-linux-gnueabihf-gcc   -v -o CMakeFiles/cmTC_e7d5b.dir/CMakeCCompilerABI.c.o -c /usr/share/cmake-3.22/Modules/CMakeCCompilerABI.c]
  ignore line: [Using built-in specs.]
  ignore line: [COLLECT_GCC=/home/kinsley/gcc-arm-10.2-2020.11-x86_64-arm-none-linux-gnueabihf/bin/arm-none-linux-gnueabihf-gcc]
  ignore line: [Target: arm-none-linux-gnueabihf]
  ignore line: [Configured with: /tmp/dgboter/bbs/build03--cen7x86_64/buildbot/cen7x86_64--arm-none-linux-gnueabihf/build/src/gcc/configure --target=arm-none-linux-gnueabihf --prefix= --with-sysroot=/arm-none-linux-gnueabihf/libc --with-build-sysroot=/tmp/dgboter/bbs/build03--cen7x86_64/buildbot/cen7x86_64--arm-none-linux-gnueabihf/build/build-arm-none-linux-gnueabihf/install//arm-none-linux-gnueabihf/libc --with-bugurl=https://bugs.linaro.org/ --enable-gnu-indirect-function --enable-shared --disable-libssp --disable-libmudflap --enable-checking=release --enable-languages=c c++ fortran --with-gmp=/tmp/dgboter/bbs/build03--cen7x86_64/buildbot/cen7x86_64--arm-none-linux-gnueabihf/build/build-arm-none-linux-gnueabihf/host-tools --with-mpfr=/tmp/dgboter/bbs/build03--cen7x86_64/buildbot/cen7x86_64--arm-none-linux-gnueabihf/build/build-arm-none-linux-gnueabihf/host-tools --with-mpc=/tmp/dgboter/bbs/build03--cen7x86_64/buildbot/cen7x86_64--arm-none-linux-gnueabihf/build/build-arm-none-linux-gnueabihf/host-tools --with-isl=/tmp/dgboter/bbs/build03--cen7x86_64/buildbot/cen7x86_64--arm-none-linux-gnueabihf/build/build-arm-none-linux-gnueabihf/host-tools --with-arch=armv7-a --with-fpu=neon --with-float=hard --with-mode=thumb --with-arch=armv7-a --with-pkgversion='GNU Toolchain for the A-profile Architecture 10.2-2020.11 (arm-10.16)']
  ignore line: [Thread model: posix]
  ignore line: [Supported LTO compression algorithms: zlib]
  ignore line: [gcc version 10.2.1 20201103 (GNU Toolchain for the A-profile Architecture 10.2-2020.11 (arm-10.16)) ]
  ignore line: [COLLECT_GCC_OPTIONS='-v' '-o' 'CMakeFiles/cmTC_e7d5b.dir/CMakeCCompilerABI.c.o' '-c'  '-mfloat-abi=hard' '-mfpu=neon' '-mthumb' '-mtls-dialect=gnu' '-march=armv7-a+simd']
  ignore line: [ /home/kinsley/gcc-arm-10.2-2020.11-x86_64-arm-none-linux-gnueabihf/bin/../libexec/gcc/arm-none-linux-gnueabihf/10.2.1/cc1 -quiet -v -iprefix /home/kinsley/gcc-arm-10.2-2020.11-x86_64-arm-none-linux-gnueabihf/bin/../lib/gcc/arm-none-linux-gnueabihf/10.2.1/ -isysroot /home/kinsley/gcc-arm-10.2-2020.11-x86_64-arm-none-linux-gnueabihf/bin/../arm-none-linux-gnueabihf/libc /usr/share/cmake-3.22/Modules/CMakeCCompilerABI.c -quiet -dumpbase CMakeCCompilerABI.c -mfloat-abi=hard -mfpu=neon -mthumb -mtls-dialect=gnu -march=armv7-a+simd -auxbase-strip CMakeFiles/cmTC_e7d5b.dir/CMakeCCompilerABI.c.o -version -o /tmp/ccTlKMPV.s]
  ignore line: [GNU C17 (GNU Toolchain for the A-profile Architecture 10.2-2020.11 (arm-10.16)) version 10.2.1 20201103 (arm-none-linux-gnueabihf)]
  ignore line: [	compiled by GNU C version 4.8.5 20150623 (Red Hat 4.8.5-39)  GMP version 4.3.2  MPFR version 3.1.6  MPC version 1.0.3  isl version isl-0.15-1-g835ea3a-GMP]
  ignore line: []
  ignore line: [GGC heuristics: --param ggc-min-expand=100 --param ggc-min-heapsize=131072]
  ignore line: [ignoring duplicate directory "/home/kinsley/gcc-arm-10.2-2020.11-x86_64-arm-none-linux-gnueabihf/bin/../lib/gcc/../../lib/gcc/arm-none-linux-gnueabihf/10.2.1/include"]
  ignore line: [ignoring nonexistent directory "/home/kinsley/gcc-arm-10.2-2020.11-x86_64-arm-none-linux-gnueabihf/bin/../arm-none-linux-gnueabihf/libc/usr/local/include"]
  ignore line: [ignoring duplicate directory "/home/kinsley/gcc-arm-10.2-2020.11-x86_64-arm-none-linux-gnueabihf/bin/../lib/gcc/../../lib/gcc/arm-none-linux-gnueabihf/10.2.1/include-fixed"]
  ignore line: [ignoring duplicate directory "/home/kinsley/gcc-arm-10.2-2020.11-x86_64-arm-none-linux-gnueabihf/bin/../lib/gcc/../../lib/gcc/arm-none-linux-gnueabihf/10.2.1/../../../../arm-none-linux-gnueabihf/include"]
  ignore line: [#include "..." search starts here:]
  ignore line: [#include <...> search starts here:]
  ignore line: [ /home/kinsley/gcc-arm-10.2-2020.11-x86_64-arm-none-linux-gnueabihf/bin/../lib/gcc/arm-none-linux-gnueabihf/10.2.1/include]
  ignore line: [ /home/kinsley/gcc-arm-10.2-2020.11-x86_64-arm-none-linux-gnueabihf/bin/../lib/gcc/arm-none-linux-gnueabihf/10.2.1/include-fixed]
  ignore line: [ /home/kinsley/gcc-arm-10.2-2020.11-x86_64-arm-none-linux-gnueabihf/bin/../lib/gcc/arm-none-linux-gnueabihf/10.2.1/../../../../arm-none-linux-gnueabihf/include]
  ignore line: [ /home/kinsley/gcc-arm-10.2-2020.11-x86_64-arm-none-linux-gnueabihf/bin/../arm-none-linux-gnueabihf/libc/usr/include]
  ignore line: [End of search list.]
  ignore line: [GNU C17 (GNU Toolchain for the A-profile Architecture 10.2-2020.11 (arm-10.16)) version 10.2.1 20201103 (arm-none-linux-gnueabihf)]
  ignore line: [	compiled by GNU C version 4.8.5 20150623 (Red Hat 4.8.5-39)  GMP version 4.3.2  MPFR version 3.1.6  MPC version 1.0.3  isl version isl-0.15-1-g835ea3a-GMP]
  ignore line: []
  ignore line: [GGC heuristics: --param ggc-min-expand=100 --param ggc-min-heapsize=131072]
  ignore line: [Compiler executable checksum: d0d3d75a0e1e99e31899d4d83cf27b91]
  ignore line: [COLLECT_GCC_OPTIONS='-v' '-o' 'CMakeFiles/cmTC_e7d5b.dir/CMakeCCompilerABI.c.o' '-c'  '-mfloat-abi=hard' '-mfpu=neon' '-mthumb' '-mtls-dialect=gnu' '-march=armv7-a+simd']
  ignore line: [ /home/kinsley/gcc-arm-10.2-2020.11-x86_64-arm-none-linux-gnueabihf/bin/../lib/gcc/arm-none-linux-gnueabihf/10.2.1/../../../../arm-none-linux-gnueabihf/bin/as -v -march=armv7-a -mfloat-abi=hard -mfpu=neon -meabi=5 -o CMakeFiles/cmTC_e7d5b.dir/CMakeCCompilerABI.c.o /tmp/ccTlKMPV.s]
  ignore line: [GNU assembler version 2.35.1 (arm-none-linux-gnueabihf) using BFD version (GNU Toolchain for the A-profile Architecture 10.2-2020.11 (arm-10.16)) 2.35.1.20201028]
  ignore line: [COMPILER_PATH=/home/kinsley/gcc-arm-10.2-2020.11-x86_64-arm-none-linux-gnueabihf/bin/../libexec/gcc/arm-none-linux-gnueabihf/10.2.1/:/home/kinsley/gcc-arm-10.2-2020.11-x86_64-arm-none-linux-gnueabihf/bin/../libexec/gcc/:/home/kinsley/gcc-arm-10.2-2020.11-x86_64-arm-none-linux-gnueabihf/bin/../lib/gcc/arm-none-linux-gnueabihf/10.2.1/../../../../arm-none-linux-gnueabihf/bin/]
  ignore line: [LIBRARY_PATH=/home/kinsley/gcc-arm-10.2-2020.11-x86_64-arm-none-linux-gnueabihf/bin/../lib/gcc/arm-none-linux-gnueabihf/10.2.1/:/home/kinsley/gcc-arm-10.2-2020.11-x86_64-arm-none-linux-gnueabihf/bin/../lib/gcc/:/home/kinsley/gcc-arm-10.2-2020.11-x86_64-arm-none-linux-gnueabihf/bin/../lib/gcc/arm-none-linux-gnueabihf/10.2.1/../../../../arm-none-linux-gnueabihf/lib/:/home/kinsley/gcc-arm-10.2-2020.11-x86_64-arm-none-linux-gnueabihf/bin/../arm-none-linux-gnueabihf/libc/lib/:/home/kinsley/gcc-arm-10.2-2020.11-x86_64-arm-none-linux-gnueabihf/bin/../arm-none-linux-gnueabihf/libc/usr/lib/]
  ignore line: [COLLECT_GCC_OPTIONS='-v' '-o' 'CMakeFiles/cmTC_e7d5b.dir/CMakeCCompilerABI.c.o' '-c'  '-mfloat-abi=hard' '-mfpu=neon' '-mthumb' '-mtls-dialect=gnu' '-march=armv7-a+simd']
  ignore line: [Linking C executable cmTC_e7d5b]
  ignore line: [/usr/bin/cmake -E cmake_link_script CMakeFiles/cmTC_e7d5b.dir/link.txt --verbose=1]
  ignore line: [/home/kinsley/gcc-arm-10.2-2020.11-x86_64-arm-none-linux-gnueabihf/bin/arm-none-linux-gnueabihf-gcc  -v -rdynamic CMakeFiles/cmTC_e7d5b.dir/CMakeCCompilerABI.c.o -o cmTC_e7d5b ]
  ignore line: [Using built-in specs.]
  ignore line: [COLLECT_GCC=/home/kinsley/gcc-arm-10.2-2020.11-x86_64-arm-none-linux-gnueabihf/bin/arm-none-linux-gnueabihf-gcc]
  ignore line: [COLLECT_LTO_WRAPPER=/home/kinsley/gcc-arm-10.2-2020.11-x86_64-arm-none-linux-gnueabihf/bin/../libexec/gcc/arm-none-linux-gnueabihf/10.2.1/lto-wrapper]
  ignore line: [Target: arm-none-linux-gnueabihf]
  ignore line: [Configured with: /tmp/dgboter/bbs/build03--cen7x86_64/buildbot/cen7x86_64--arm-none-linux-gnueabihf/build/src/gcc/configure --target=arm-none-linux-gnueabihf --prefix= --with-sysroot=/arm-none-linux-gnueabihf/libc --with-build-sysroot=/tmp/dgboter/bbs/build03--cen7x86_64/buildbot/cen7x86_64--arm-none-linux-gnueabihf/build/build-arm-none-linux-gnueabihf/install//arm-none-linux-gnueabihf/libc --with-bugurl=https://bugs.linaro.org/ --enable-gnu-indirect-function --enable-shared --disable-libssp --disable-libmudflap --enable-checking=release --enable-languages=c c++ fortran --with-gmp=/tmp/dgboter/bbs/build03--cen7x86_64/buildbot/cen7x86_64--arm-none-linux-gnueabihf/build/build-arm-none-linux-gnueabihf/host-tools --with-mpfr=/tmp/dgboter/bbs/build03--cen7x86_64/buildbot/cen7x86_64--arm-none-linux-gnueabihf/build/build-arm-none-linux-gnueabihf/host-tools --with-mpc=/tmp/dgboter/bbs/build03--cen7x86_64/buildbot/cen7x86_64--arm-none-linux-gnueabihf/build/build-arm-none-linux-gnueabihf/host-tools --with-isl=/tmp/dgboter/bbs/build03--cen7x86_64/buildbot/cen7x86_64--arm-none-linux-gnueabihf/build/build-arm-none-linux-gnueabihf/host-tools --with-arch=armv7-a --with-fpu=neon --with-float=hard --with-mode=thumb --with-arch=armv7-a --with-pkgversion='GNU Toolchain for the A-profile Architecture 10.2-2020.11 (arm-10.16)']
  ignore line: [Thread model: posix]
  ignore line: [Supported LTO compression algorithms: zlib]
  ignore line: [gcc version 10.2.1 20201103 (GNU Toolchain for the A-profile Architecture 10.2-2020.11 (arm-10.16)) ]
  ignore line: [COMPILER_PATH=/home/kinsley/gcc-arm-10.2-2020.11-x86_64-arm-none-linux-gnueabihf/bin/../libexec/gcc/arm-none-linux-gnueabihf/10.2.1/:/home/kinsley/gcc-arm-10.2-2020.11-x86_64-arm-none-linux-gnueabihf/bin/../libexec/gcc/:/home/kinsley/gcc-arm-10.2-2020.11-x86_64-arm-none-linux-gnueabihf/bin/../lib/gcc/arm-none-linux-gnueabihf/10.2.1/../../../../arm-none-linux-gnueabihf/bin/]
  ignore line: [LIBRARY_PATH=/home/kinsley/gcc-arm-10.2-2020.11-x86_64-arm-none-linux-gnueabihf/bin/../lib/gcc/arm-none-linux-gnueabihf/10.2.1/:/home/kinsley/gcc-arm-10.2-2020.11-x86_64-arm-none-linux-gnueabihf/bin/../lib/gcc/:/home/kinsley/gcc-arm-10.2-2020.11-x86_64-arm-none-linux-gnueabihf/bin/../lib/gcc/arm-none-linux-gnueabihf/10.2.1/../../../../arm-none-linux-gnueabihf/lib/:/home/kinsley/gcc-arm-10.2-2020.11-x86_64-arm-none-linux-gnueabihf/bin/../arm-none-linux-gnueabihf/libc/lib/:/home/kinsley/gcc-arm-10.2-2020.11-x86_64-arm-none-linux-gnueabihf/bin/../arm-none-linux-gnueabihf/libc/usr/lib/]
  ignore line: [COLLECT_GCC_OPTIONS='-v' '-rdynamic' '-o' 'cmTC_e7d5b'  '-mfloat-abi=hard' '-mfpu=neon' '-mthumb' '-mtls-dialect=gnu' '-march=armv7-a+simd']
  link line: [ /home/kinsley/gcc-arm-10.2-2020.11-x86_64-arm-none-linux-gnueabihf/bin/../libexec/gcc/arm-none-linux-gnueabihf/10.2.1/collect2 -plugin /home/kinsley/gcc-arm-10.2-2020.11-x86_64-arm-none-linux-gnueabihf/bin/../libexec/gcc/arm-none-linux-gnueabihf/10.2.1/liblto_plugin.so -plugin-opt=/home/kinsley/gcc-arm-10.2-2020.11-x86_64-arm-none-linux-gnueabihf/bin/../libexec/gcc/arm-none-linux-gnueabihf/10.2.1/lto-wrapper -plugin-opt=-fresolution=/tmp/ccLJxkIC.res -plugin-opt=-pass-through=-lgcc -plugin-opt=-pass-through=-lgcc_s -plugin-opt=-pass-through=-lc -plugin-opt=-pass-through=-lgcc -plugin-opt=-pass-through=-lgcc_s --sysroot=/home/kinsley/gcc-arm-10.2-2020.11-x86_64-arm-none-linux-gnueabihf/bin/../arm-none-linux-gnueabihf/libc --eh-frame-hdr -export-dynamic -dynamic-linker /lib/ld-linux-armhf.so.3 -X -m armelf_linux_eabi -o cmTC_e7d5b /home/kinsley/gcc-arm-10.2-2020.11-x86_64-arm-none-linux-gnueabihf/bin/../arm-none-linux-gnueabihf/libc/usr/lib/crt1.o /home/kinsley/gcc-arm-10.2-2020.11-x86_64-arm-none-linux-gnueabihf/bin/../arm-none-linux-gnueabihf/libc/usr/lib/crti.o /home/kinsley/gcc-arm-10.2-2020.11-x86_64-arm-none-linux-gnueabihf/bin/../lib/gcc/arm-none-linux-gnueabihf/10.2.1/crtbegin.o -L/home/kinsley/gcc-arm-10.2-2020.11-x86_64-arm-none-linux-gnueabihf/bin/../lib/gcc/arm-none-linux-gnueabihf/10.2.1 -L/home/kinsley/gcc-arm-10.2-2020.11-x86_64-arm-none-linux-gnueabihf/bin/../lib/gcc -L/home/kinsley/gcc-arm-10.2-2020.11-x86_64-arm-none-linux-gnueabihf/bin/../lib/gcc/arm-none-linux-gnueabihf/10.2.1/../../../../arm-none-linux-gnueabihf/lib -L/home/kinsley/gcc-arm-10.2-2020.11-x86_64-arm-none-linux-gnueabihf/bin/../arm-none-linux-gnueabihf/libc/lib -L/home/kinsley/gcc-arm-10.2-2020.11-x86_64-arm-none-linux-gnueabihf/bin/../arm-none-linux-gnueabihf/libc/usr/lib CMakeFiles/cmTC_e7d5b.dir/CMakeCCompilerABI.c.o -lgcc --push-state --as-needed -lgcc_s --pop-state -lc -lgcc --push-state --as-needed -lgcc_s --pop-state /home/kinsley/gcc-arm-10.2-2020.11-x86_64-arm-none-linux-gnueabihf/bin/../lib/gcc/arm-none-linux-gnueabihf/10.2.1/crtend.o /home/kinsley/gcc-arm-10.2-2020.11-x86_64-arm-none-linux-gnueabihf/bin/../arm-none-linux-gnueabihf/libc/usr/lib/crtn.o]
    arg [/home/kinsley/gcc-arm-10.2-2020.11-x86_64-arm-none-linux-gnueabihf/bin/../libexec/gcc/arm-none-linux-gnueabihf/10.2.1/collect2] ==> ignore
    arg [-plugin] ==> ignore
    arg [/home/kinsley/gcc-arm-10.2-2020.11-x86_64-arm-none-linux-gnueabihf/bin/../libexec/gcc/arm-none-linux-gnueabihf/10.2.1/liblto_plugin.so] ==> ignore
    arg [-plugin-opt=/home/kinsley/gcc-arm-10.2-2020.11-x86_64-arm-none-linux-gnueabihf/bin/../libexec/gcc/arm-none-linux-gnueabihf/10.2.1/lto-wrapper] ==> ignore
    arg [-plugin-opt=-fresolution=/tmp/ccLJxkIC.res] ==> ignore
    arg [-plugin-opt=-pass-through=-lgcc] ==> ignore
    arg [-plugin-opt=-pass-through=-lgcc_s] ==> ignore
    arg [-plugin-opt=-pass-through=-lc] ==> ignore
    arg [-plugin-opt=-pass-through=-lgcc] ==> ignore
    arg [-plugin-opt=-pass-through=-lgcc_s] ==> ignore
    arg [--sysroot=/home/kinsley/gcc-arm-10.2-2020.11-x86_64-arm-none-linux-gnueabihf/bin/../arm-none-linux-gnueabihf/libc] ==> ignore
    arg [--eh-frame-hdr] ==> ignore
    arg [-export-dynamic] ==> ignore
    arg [-dynamic-linker] ==> ignore
    arg [/lib/ld-linux-armhf.so.3] ==> ignore
    arg [-X] ==> ignore
    arg [-m] ==> ignore
    arg [armelf_linux_eabi] ==> ignore
    arg [-o] ==> ignore
    arg [cmTC_e7d5b] ==> ignore
    arg [/home/kinsley/gcc-arm-10.2-2020.11-x86_64-arm-none-linux-gnueabihf/bin/../arm-none-linux-gnueabihf/libc/usr/lib/crt1.o] ==> obj [/home/kinsley/gcc-arm-10.2-2020.11-x86_64-arm-none-linux-gnueabihf/bin/../arm-none-linux-gnueabihf/libc/usr/lib/crt1.o]
    arg [/home/kinsley/gcc-arm-10.2-2020.11-x86_64-arm-none-linux-gnueabihf/bin/../arm-none-linux-gnueabihf/libc/usr/lib/crti.o] ==> obj [/home/kinsley/gcc-arm-10.2-2020.11-x86_64-arm-none-linux-gnueabihf/bin/../arm-none-linux-gnueabihf/libc/usr/lib/crti.o]
    arg [/home/kinsley/gcc-arm-10.2-2020.11-x86_64-arm-none-linux-gnueabihf/bin/../lib/gcc/arm-none-linux-gnueabihf/10.2.1/crtbegin.o] ==> obj [/home/kinsley/gcc-arm-10.2-2020.11-x86_64-arm-none-linux-gnueabihf/bin/../lib/gcc/arm-none-linux-gnueabihf/10.2.1/crtbegin.o]
    arg [-L/home/kinsley/gcc-arm-10.2-2020.11-x86_64-arm-none-linux-gnueabihf/bin/../lib/gcc/arm-none-linux-gnueabihf/10.2.1] ==> dir [/home/kinsley/gcc-arm-10.2-2020.11-x86_64-arm-none-linux-gnueabihf/bin/../lib/gcc/arm-none-linux-gnueabihf/10.2.1]
    arg [-L/home/kinsley/gcc-arm-10.2-2020.11-x86_64-arm-none-linux-gnueabihf/bin/../lib/gcc] ==> dir [/home/kinsley/gcc-arm-10.2-2020.11-x86_64-arm-none-linux-gnueabihf/bin/../lib/gcc]
    arg [-L/home/kinsley/gcc-arm-10.2-2020.11-x86_64-arm-none-linux-gnueabihf/bin/../lib/gcc/arm-none-linux-gnueabihf/10.2.1/../../../../arm-none-linux-gnueabihf/lib] ==> dir [/home/kinsley/gcc-arm-10.2-2020.11-x86_64-arm-none-linux-gnueabihf/bin/../lib/gcc/arm-none-linux-gnueabihf/10.2.1/../../../../arm-none-linux-gnueabihf/lib]
    arg [-L/home/kinsley/gcc-arm-10.2-2020.11-x86_64-arm-none-linux-gnueabihf/bin/../arm-none-linux-gnueabihf/libc/lib] ==> dir [/home/kinsley/gcc-arm-10.2-2020.11-x86_64-arm-none-linux-gnueabihf/bin/../arm-none-linux-gnueabihf/libc/lib]
    arg [-L/home/kinsley/gcc-arm-10.2-2020.11-x86_64-arm-none-linux-gnueabihf/bin/../arm-none-linux-gnueabihf/libc/usr/lib] ==> dir [/home/kinsley/gcc-arm-10.2-2020.11-x86_64-arm-none-linux-gnueabihf/bin/../arm-none-linux-gnueabihf/libc/usr/lib]
    arg [CMakeFiles/cmTC_e7d5b.dir/CMakeCCompilerABI.c.o] ==> ignore
    arg [-lgcc] ==> lib [gcc]
    arg [--push-state] ==> ignore
    arg [--as-needed] ==> ignore
    arg [-lgcc_s] ==> lib [gcc_s]
    arg [--pop-state] ==> ignore
    arg [-lc] ==> lib [c]
    arg [-lgcc] ==> lib [gcc]
    arg [--push-state] ==> ignore
    arg [--as-needed] ==> ignore
    arg [-lgcc_s] ==> lib [gcc_s]
    arg [--pop-state] ==> ignore
    arg [/home/kinsley/gcc-arm-10.2-2020.11-x86_64-arm-none-linux-gnueabihf/bin/../lib/gcc/arm-none-linux-gnueabihf/10.2.1/crtend.o] ==> obj [/home/kinsley/gcc-arm-10.2-2020.11-x86_64-arm-none-linux-gnueabihf/bin/../lib/gcc/arm-none-linux-gnueabihf/10.2.1/crtend.o]
    arg [/home/kinsley/gcc-arm-10.2-2020.11-x86_64-arm-none-linux-gnueabihf/bin/../arm-none-linux-gnueabihf/libc/usr/lib/crtn.o] ==> obj [/home/kinsley/gcc-arm-10.2-2020.11-x86_64-arm-none-linux-gnueabihf/bin/../arm-none-linux-gnueabihf/libc/usr/lib/crtn.o]
  collapse obj [/home/kinsley/gcc-arm-10.2-2020.11-x86_64-arm-none-linux-gnueabihf/bin/../arm-none-linux-gnueabihf/libc/usr/lib/crt1.o] ==> [/home/kinsley/gcc-arm-10.2-2020.11-x86_64-arm-none-linux-gnueabihf/arm-none-linux-gnueabihf/libc/usr/lib/crt1.o]
  collapse obj [/home/kinsley/gcc-arm-10.2-2020.11-x86_64-arm-none-linux-gnueabihf/bin/../arm-none-linux-gnueabihf/libc/usr/lib/crti.o] ==> [/home/kinsley/gcc-arm-10.2-2020.11-x86_64-arm-none-linux-gnueabihf/arm-none-linux-gnueabihf/libc/usr/lib/crti.o]
  collapse obj [/home/kinsley/gcc-arm-10.2-2020.11-x86_64-arm-none-linux-gnueabihf/bin/../lib/gcc/arm-none-linux-gnueabihf/10.2.1/crtbegin.o] ==> [/home/kinsley/gcc-arm-10.2-2020.11-x86_64-arm-none-linux-gnueabihf/lib/gcc/arm-none-linux-gnueabihf/10.2.1/crtbegin.o]
  collapse obj [/home/kinsley/gcc-arm-10.2-2020.11-x86_64-arm-none-linux-gnueabihf/bin/../lib/gcc/arm-none-linux-gnueabihf/10.2.1/crtend.o] ==> [/home/kinsley/gcc-arm-10.2-2020.11-x86_64-arm-none-linux-gnueabihf/lib/gcc/arm-none-linux-gnueabihf/10.2.1/crtend.o]
  collapse obj [/home/kinsley/gcc-arm-10.2-2020.11-x86_64-arm-none-linux-gnueabihf/bin/../arm-none-linux-gnueabihf/libc/usr/lib/crtn.o] ==> [/home/kinsley/gcc-arm-10.2-2020.11-x86_64-arm-none-linux-gnueabihf/arm-none-linux-gnueabihf/libc/usr/lib/crtn.o]
  collapse library dir [/home/kinsley/gcc-arm-10.2-2020.11-x86_64-arm-none-linux-gnueabihf/bin/../lib/gcc/arm-none-linux-gnueabihf/10.2.1] ==> [/home/kinsley/gcc-arm-10.2-2020.11-x86_64-arm-none-linux-gnueabihf/lib/gcc/arm-none-linux-gnueabihf/10.2.1]
  collapse library dir [/home/kinsley/gcc-arm-10.2-2020.11-x86_64-arm-none-linux-gnueabihf/bin/../lib/gcc] ==> [/home/kinsley/gcc-arm-10.2-2020.11-x86_64-arm-none-linux-gnueabihf/lib/gcc]
  collapse library dir [/home/kinsley/gcc-arm-10.2-2020.11-x86_64-arm-none-linux-gnueabihf/bin/../lib/gcc/arm-none-linux-gnueabihf/10.2.1/../../../../arm-none-linux-gnueabihf/lib] ==> [/home/kinsley/gcc-arm-10.2-2020.11-x86_64-arm-none-linux-gnueabihf/arm-none-linux-gnueabihf/lib]
  collapse library dir [/home/kinsley/gcc-arm-10.2-2020.11-x86_64-arm-none-linux-gnueabihf/bin/../arm-none-linux-gnueabihf/libc/lib] ==> [/home/kinsley/gcc-arm-10.2-2020.11-x86_64-arm-none-linux-gnueabihf/arm-none-linux-gnueabihf/libc/lib]
  collapse library dir [/home/kinsley/gcc-arm-10.2-2020.11-x86_64-arm-none-linux-gnueabihf/bin/../arm-none-linux-gnueabihf/libc/usr/lib] ==> [/home/kinsley/gcc-arm-10.2-2020.11-x86_64-arm-none-linux-gnueabihf/arm-none-linux-gnueabihf/libc/usr/lib]
  implicit libs: [gcc;gcc_s;c;gcc;gcc_s]
  implicit objs: [/home/kinsley/gcc-arm-10.2-2020.11-x86_64-arm-none-linux-gnueabihf/arm-none-linux-gnueabihf/libc/usr/lib/crt1.o;/home/kinsley/gcc-arm-10.2-2020.11-x86_64-arm-none-linux-gnueabihf/arm-none-linux-gnueabihf/libc/usr/lib/crti.o;/home/kinsley/gcc-arm-10.2-2020.11-x86_64-arm-none-linux-gnueabihf/lib/gcc/arm-none-linux-gnueabihf/10.2.1/crtbegin.o;/home/kinsley/gcc-arm-10.2-2020.11-x86_64-arm-none-linux-gnueabihf/lib/gcc/arm-none-linux-gnueabihf/10.2.1/crtend.o;/home/kinsley/gcc-arm-10.2-2020.11-x86_64-arm-none-linux-gnueabihf/arm-none-linux-gnueabihf/libc/usr/lib/crtn.o]
  implicit dirs: [/home/kinsley/gcc-arm-10.2-2020.11-x86_64-arm-none-linux-gnueabihf/lib/gcc/arm-none-linux-gnueabihf/10.2.1;/home/kinsley/gcc-arm-10.2-2020.11-x86_64-arm-none-linux-gnueabihf/lib/gcc;/home/kinsley/gcc-arm-10.2-2020.11-x86_64-arm-none-linux-gnueabihf/arm-none-linux-gnueabihf/lib;/home/kinsley/gcc-arm-10.2-2020.11-x86_64-arm-none-linux-gnueabihf/arm-none-linux-gnueabihf/libc/lib;/home/kinsley/gcc-arm-10.2-2020.11-x86_64-arm-none-linux-gnueabihf/arm-none-linux-gnueabihf/libc/usr/lib]
  implicit fwks: []


Detecting CXX compiler ABI info compiled with the following output:
Change Dir: /home/kinsley/project/SkyPulseUAV_Device/build/CMakeFiles/CMakeTmp

Run Build Command(s):/usr/bin/gmake -f Makefile cmTC_0d421/fast && /usr/bin/gmake  -f CMakeFiles/cmTC_0d421.dir/build.make CMakeFiles/cmTC_0d421.dir/build
gmake[1]: Entering directory '/home/kinsley/project/SkyPulseUAV_Device/build/CMakeFiles/CMakeTmp'
Building CXX object CMakeFiles/cmTC_0d421.dir/CMakeCXXCompilerABI.cpp.o
/home/kinsley/gcc-arm-10.2-2020.11-x86_64-arm-none-linux-gnueabihf/bin/arm-none-linux-gnueabihf-g++   -v -o CMakeFiles/cmTC_0d421.dir/CMakeCXXCompilerABI.cpp.o -c /usr/share/cmake-3.22/Modules/CMakeCXXCompilerABI.cpp
Using built-in specs.
COLLECT_GCC=/home/kinsley/gcc-arm-10.2-2020.11-x86_64-arm-none-linux-gnueabihf/bin/arm-none-linux-gnueabihf-g++
Target: arm-none-linux-gnueabihf
Configured with: /tmp/dgboter/bbs/build03--cen7x86_64/buildbot/cen7x86_64--arm-none-linux-gnueabihf/build/src/gcc/configure --target=arm-none-linux-gnueabihf --prefix= --with-sysroot=/arm-none-linux-gnueabihf/libc --with-build-sysroot=/tmp/dgboter/bbs/build03--cen7x86_64/buildbot/cen7x86_64--arm-none-linux-gnueabihf/build/build-arm-none-linux-gnueabihf/install//arm-none-linux-gnueabihf/libc --with-bugurl=https://bugs.linaro.org/ --enable-gnu-indirect-function --enable-shared --disable-libssp --disable-libmudflap --enable-checking=release --enable-languages=c,c++,fortran --with-gmp=/tmp/dgboter/bbs/build03--cen7x86_64/buildbot/cen7x86_64--arm-none-linux-gnueabihf/build/build-arm-none-linux-gnueabihf/host-tools --with-mpfr=/tmp/dgboter/bbs/build03--cen7x86_64/buildbot/cen7x86_64--arm-none-linux-gnueabihf/build/build-arm-none-linux-gnueabihf/host-tools --with-mpc=/tmp/dgboter/bbs/build03--cen7x86_64/buildbot/cen7x86_64--arm-none-linux-gnueabihf/build/build-arm-none-linux-gnueabihf/host-tools --with-isl=/tmp/dgboter/bbs/build03--cen7x86_64/buildbot/cen7x86_64--arm-none-linux-gnueabihf/build/build-arm-none-linux-gnueabihf/host-tools --with-arch=armv7-a --with-fpu=neon --with-float=hard --with-mode=thumb --with-arch=armv7-a --with-pkgversion='GNU Toolchain for the A-profile Architecture 10.2-2020.11 (arm-10.16)'
Thread model: posix
Supported LTO compression algorithms: zlib
gcc version 10.2.1 20201103 (GNU Toolchain for the A-profile Architecture 10.2-2020.11 (arm-10.16)) 
COLLECT_GCC_OPTIONS='-v' '-o' 'CMakeFiles/cmTC_0d421.dir/CMakeCXXCompilerABI.cpp.o' '-c' '-shared-libgcc'  '-mfloat-abi=hard' '-mfpu=neon' '-mthumb' '-mtls-dialect=gnu' '-march=armv7-a+simd'
 /home/kinsley/gcc-arm-10.2-2020.11-x86_64-arm-none-linux-gnueabihf/bin/../libexec/gcc/arm-none-linux-gnueabihf/10.2.1/cc1plus -quiet -v -iprefix /home/kinsley/gcc-arm-10.2-2020.11-x86_64-arm-none-linux-gnueabihf/bin/../lib/gcc/arm-none-linux-gnueabihf/10.2.1/ -isysroot /home/kinsley/gcc-arm-10.2-2020.11-x86_64-arm-none-linux-gnueabihf/bin/../arm-none-linux-gnueabihf/libc -D_GNU_SOURCE /usr/share/cmake-3.22/Modules/CMakeCXXCompilerABI.cpp -quiet -dumpbase CMakeCXXCompilerABI.cpp -mfloat-abi=hard -mfpu=neon -mthumb -mtls-dialect=gnu -march=armv7-a+simd -auxbase-strip CMakeFiles/cmTC_0d421.dir/CMakeCXXCompilerABI.cpp.o -version -o /tmp/cccfIXnT.s
GNU C++14 (GNU Toolchain for the A-profile Architecture 10.2-2020.11 (arm-10.16)) version 10.2.1 20201103 (arm-none-linux-gnueabihf)
	compiled by GNU C version 4.8.5 20150623 (Red Hat 4.8.5-39), GMP version 4.3.2, MPFR version 3.1.6, MPC version 1.0.3, isl version isl-0.15-1-g835ea3a-GMP

GGC heuristics: --param ggc-min-expand=100 --param ggc-min-heapsize=131072
ignoring duplicate directory "/home/kinsley/gcc-arm-10.2-2020.11-x86_64-arm-none-linux-gnueabihf/bin/../lib/gcc/../../lib/gcc/arm-none-linux-gnueabihf/10.2.1/../../../../arm-none-linux-gnueabihf/include/c++/10.2.1"
ignoring duplicate directory "/home/kinsley/gcc-arm-10.2-2020.11-x86_64-arm-none-linux-gnueabihf/bin/../lib/gcc/../../lib/gcc/arm-none-linux-gnueabihf/10.2.1/../../../../arm-none-linux-gnueabihf/include/c++/10.2.1/arm-none-linux-gnueabihf"
ignoring duplicate directory "/home/kinsley/gcc-arm-10.2-2020.11-x86_64-arm-none-linux-gnueabihf/bin/../lib/gcc/../../lib/gcc/arm-none-linux-gnueabihf/10.2.1/../../../../arm-none-linux-gnueabihf/include/c++/10.2.1/backward"
ignoring duplicate directory "/home/kinsley/gcc-arm-10.2-2020.11-x86_64-arm-none-linux-gnueabihf/bin/../lib/gcc/../../lib/gcc/arm-none-linux-gnueabihf/10.2.1/include"
ignoring nonexistent directory "/home/kinsley/gcc-arm-10.2-2020.11-x86_64-arm-none-linux-gnueabihf/bin/../arm-none-linux-gnueabihf/libc/usr/local/include"
ignoring duplicate directory "/home/kinsley/gcc-arm-10.2-2020.11-x86_64-arm-none-linux-gnueabihf/bin/../lib/gcc/../../lib/gcc/arm-none-linux-gnueabihf/10.2.1/include-fixed"
ignoring duplicate directory "/home/kinsley/gcc-arm-10.2-2020.11-x86_64-arm-none-linux-gnueabihf/bin/../lib/gcc/../../lib/gcc/arm-none-linux-gnueabihf/10.2.1/../../../../arm-none-linux-gnueabihf/include"
#include "..." search starts here:
#include <...> search starts here:
 /home/kinsley/gcc-arm-10.2-2020.11-x86_64-arm-none-linux-gnueabihf/bin/../lib/gcc/arm-none-linux-gnueabihf/10.2.1/../../../../arm-none-linux-gnueabihf/include/c++/10.2.1
 /home/kinsley/gcc-arm-10.2-2020.11-x86_64-arm-none-linux-gnueabihf/bin/../lib/gcc/arm-none-linux-gnueabihf/10.2.1/../../../../arm-none-linux-gnueabihf/include/c++/10.2.1/arm-none-linux-gnueabihf
 /home/kinsley/gcc-arm-10.2-2020.11-x86_64-arm-none-linux-gnueabihf/bin/../lib/gcc/arm-none-linux-gnueabihf/10.2.1/../../../../arm-none-linux-gnueabihf/include/c++/10.2.1/backward
 /home/kinsley/gcc-arm-10.2-2020.11-x86_64-arm-none-linux-gnueabihf/bin/../lib/gcc/arm-none-linux-gnueabihf/10.2.1/include
 /home/kinsley/gcc-arm-10.2-2020.11-x86_64-arm-none-linux-gnueabihf/bin/../lib/gcc/arm-none-linux-gnueabihf/10.2.1/include-fixed
 /home/kinsley/gcc-arm-10.2-2020.11-x86_64-arm-none-linux-gnueabihf/bin/../lib/gcc/arm-none-linux-gnueabihf/10.2.1/../../../../arm-none-linux-gnueabihf/include
 /home/kinsley/gcc-arm-10.2-2020.11-x86_64-arm-none-linux-gnueabihf/bin/../arm-none-linux-gnueabihf/libc/usr/include
End of search list.
GNU C++14 (GNU Toolchain for the A-profile Architecture 10.2-2020.11 (arm-10.16)) version 10.2.1 20201103 (arm-none-linux-gnueabihf)
	compiled by GNU C version 4.8.5 20150623 (Red Hat 4.8.5-39), GMP version 4.3.2, MPFR version 3.1.6, MPC version 1.0.3, isl version isl-0.15-1-g835ea3a-GMP

GGC heuristics: --param ggc-min-expand=100 --param ggc-min-heapsize=131072
Compiler executable checksum: c5f02c228245ba51a1e9d6b4452ebf12
COLLECT_GCC_OPTIONS='-v' '-o' 'CMakeFiles/cmTC_0d421.dir/CMakeCXXCompilerABI.cpp.o' '-c' '-shared-libgcc'  '-mfloat-abi=hard' '-mfpu=neon' '-mthumb' '-mtls-dialect=gnu' '-march=armv7-a+simd'
 /home/kinsley/gcc-arm-10.2-2020.11-x86_64-arm-none-linux-gnueabihf/bin/../lib/gcc/arm-none-linux-gnueabihf/10.2.1/../../../../arm-none-linux-gnueabihf/bin/as -v -march=armv7-a -mfloat-abi=hard -mfpu=neon -meabi=5 -o CMakeFiles/cmTC_0d421.dir/CMakeCXXCompilerABI.cpp.o /tmp/cccfIXnT.s
GNU assembler version 2.35.1 (arm-none-linux-gnueabihf) using BFD version (GNU Toolchain for the A-profile Architecture 10.2-2020.11 (arm-10.16)) 2.35.1.20201028
COMPILER_PATH=/home/kinsley/gcc-arm-10.2-2020.11-x86_64-arm-none-linux-gnueabihf/bin/../libexec/gcc/arm-none-linux-gnueabihf/10.2.1/:/home/kinsley/gcc-arm-10.2-2020.11-x86_64-arm-none-linux-gnueabihf/bin/../libexec/gcc/:/home/kinsley/gcc-arm-10.2-2020.11-x86_64-arm-none-linux-gnueabihf/bin/../lib/gcc/arm-none-linux-gnueabihf/10.2.1/../../../../arm-none-linux-gnueabihf/bin/
LIBRARY_PATH=/home/kinsley/gcc-arm-10.2-2020.11-x86_64-arm-none-linux-gnueabihf/bin/../lib/gcc/arm-none-linux-gnueabihf/10.2.1/:/home/kinsley/gcc-arm-10.2-2020.11-x86_64-arm-none-linux-gnueabihf/bin/../lib/gcc/:/home/kinsley/gcc-arm-10.2-2020.11-x86_64-arm-none-linux-gnueabihf/bin/../lib/gcc/arm-none-linux-gnueabihf/10.2.1/../../../../arm-none-linux-gnueabihf/lib/:/home/kinsley/gcc-arm-10.2-2020.11-x86_64-arm-none-linux-gnueabihf/bin/../arm-none-linux-gnueabihf/libc/lib/:/home/kinsley/gcc-arm-10.2-2020.11-x86_64-arm-none-linux-gnueabihf/bin/../arm-none-linux-gnueabihf/libc/usr/lib/
COLLECT_GCC_OPTIONS='-v' '-o' 'CMakeFiles/cmTC_0d421.dir/CMakeCXXCompilerABI.cpp.o' '-c' '-shared-libgcc'  '-mfloat-abi=hard' '-mfpu=neon' '-mthumb' '-mtls-dialect=gnu' '-march=armv7-a+simd'
Linking CXX executable cmTC_0d421
/usr/bin/cmake -E cmake_link_script CMakeFiles/cmTC_0d421.dir/link.txt --verbose=1
/home/kinsley/gcc-arm-10.2-2020.11-x86_64-arm-none-linux-gnueabihf/bin/arm-none-linux-gnueabihf-g++  -v -rdynamic CMakeFiles/cmTC_0d421.dir/CMakeCXXCompilerABI.cpp.o -o cmTC_0d421 
Using built-in specs.
COLLECT_GCC=/home/kinsley/gcc-arm-10.2-2020.11-x86_64-arm-none-linux-gnueabihf/bin/arm-none-linux-gnueabihf-g++
COLLECT_LTO_WRAPPER=/home/kinsley/gcc-arm-10.2-2020.11-x86_64-arm-none-linux-gnueabihf/bin/../libexec/gcc/arm-none-linux-gnueabihf/10.2.1/lto-wrapper
Target: arm-none-linux-gnueabihf
Configured with: /tmp/dgboter/bbs/build03--cen7x86_64/buildbot/cen7x86_64--arm-none-linux-gnueabihf/build/src/gcc/configure --target=arm-none-linux-gnueabihf --prefix= --with-sysroot=/arm-none-linux-gnueabihf/libc --with-build-sysroot=/tmp/dgboter/bbs/build03--cen7x86_64/buildbot/cen7x86_64--arm-none-linux-gnueabihf/build/build-arm-none-linux-gnueabihf/install//arm-none-linux-gnueabihf/libc --with-bugurl=https://bugs.linaro.org/ --enable-gnu-indirect-function --enable-shared --disable-libssp --disable-libmudflap --enable-checking=release --enable-languages=c,c++,fortran --with-gmp=/tmp/dgboter/bbs/build03--cen7x86_64/buildbot/cen7x86_64--arm-none-linux-gnueabihf/build/build-arm-none-linux-gnueabihf/host-tools --with-mpfr=/tmp/dgboter/bbs/build03--cen7x86_64/buildbot/cen7x86_64--arm-none-linux-gnueabihf/build/build-arm-none-linux-gnueabihf/host-tools --with-mpc=/tmp/dgboter/bbs/build03--cen7x86_64/buildbot/cen7x86_64--arm-none-linux-gnueabihf/build/build-arm-none-linux-gnueabihf/host-tools --with-isl=/tmp/dgboter/bbs/build03--cen7x86_64/buildbot/cen7x86_64--arm-none-linux-gnueabihf/build/build-arm-none-linux-gnueabihf/host-tools --with-arch=armv7-a --with-fpu=neon --with-float=hard --with-mode=thumb --with-arch=armv7-a --with-pkgversion='GNU Toolchain for the A-profile Architecture 10.2-2020.11 (arm-10.16)'
Thread model: posix
Supported LTO compression algorithms: zlib
gcc version 10.2.1 20201103 (GNU Toolchain for the A-profile Architecture 10.2-2020.11 (arm-10.16)) 
COMPILER_PATH=/home/kinsley/gcc-arm-10.2-2020.11-x86_64-arm-none-linux-gnueabihf/bin/../libexec/gcc/arm-none-linux-gnueabihf/10.2.1/:/home/kinsley/gcc-arm-10.2-2020.11-x86_64-arm-none-linux-gnueabihf/bin/../libexec/gcc/:/home/kinsley/gcc-arm-10.2-2020.11-x86_64-arm-none-linux-gnueabihf/bin/../lib/gcc/arm-none-linux-gnueabihf/10.2.1/../../../../arm-none-linux-gnueabihf/bin/
LIBRARY_PATH=/home/kinsley/gcc-arm-10.2-2020.11-x86_64-arm-none-linux-gnueabihf/bin/../lib/gcc/arm-none-linux-gnueabihf/10.2.1/:/home/kinsley/gcc-arm-10.2-2020.11-x86_64-arm-none-linux-gnueabihf/bin/../lib/gcc/:/home/kinsley/gcc-arm-10.2-2020.11-x86_64-arm-none-linux-gnueabihf/bin/../lib/gcc/arm-none-linux-gnueabihf/10.2.1/../../../../arm-none-linux-gnueabihf/lib/:/home/kinsley/gcc-arm-10.2-2020.11-x86_64-arm-none-linux-gnueabihf/bin/../arm-none-linux-gnueabihf/libc/lib/:/home/kinsley/gcc-arm-10.2-2020.11-x86_64-arm-none-linux-gnueabihf/bin/../arm-none-linux-gnueabihf/libc/usr/lib/
COLLECT_GCC_OPTIONS='-v' '-rdynamic' '-o' 'cmTC_0d421' '-shared-libgcc'  '-mfloat-abi=hard' '-mfpu=neon' '-mthumb' '-mtls-dialect=gnu' '-march=armv7-a+simd'
 /home/kinsley/gcc-arm-10.2-2020.11-x86_64-arm-none-linux-gnueabihf/bin/../libexec/gcc/arm-none-linux-gnueabihf/10.2.1/collect2 -plugin /home/kinsley/gcc-arm-10.2-2020.11-x86_64-arm-none-linux-gnueabihf/bin/../libexec/gcc/arm-none-linux-gnueabihf/10.2.1/liblto_plugin.so -plugin-opt=/home/kinsley/gcc-arm-10.2-2020.11-x86_64-arm-none-linux-gnueabihf/bin/../libexec/gcc/arm-none-linux-gnueabihf/10.2.1/lto-wrapper -plugin-opt=-fresolution=/tmp/ccoFXaYJ.res -plugin-opt=-pass-through=-lgcc_s -plugin-opt=-pass-through=-lgcc -plugin-opt=-pass-through=-lc -plugin-opt=-pass-through=-lgcc_s -plugin-opt=-pass-through=-lgcc --sysroot=/home/kinsley/gcc-arm-10.2-2020.11-x86_64-arm-none-linux-gnueabihf/bin/../arm-none-linux-gnueabihf/libc --eh-frame-hdr -export-dynamic -dynamic-linker /lib/ld-linux-armhf.so.3 -X -m armelf_linux_eabi -o cmTC_0d421 /home/kinsley/gcc-arm-10.2-2020.11-x86_64-arm-none-linux-gnueabihf/bin/../arm-none-linux-gnueabihf/libc/usr/lib/crt1.o /home/kinsley/gcc-arm-10.2-2020.11-x86_64-arm-none-linux-gnueabihf/bin/../arm-none-linux-gnueabihf/libc/usr/lib/crti.o /home/kinsley/gcc-arm-10.2-2020.11-x86_64-arm-none-linux-gnueabihf/bin/../lib/gcc/arm-none-linux-gnueabihf/10.2.1/crtbegin.o -L/home/kinsley/gcc-arm-10.2-2020.11-x86_64-arm-none-linux-gnueabihf/bin/../lib/gcc/arm-none-linux-gnueabihf/10.2.1 -L/home/kinsley/gcc-arm-10.2-2020.11-x86_64-arm-none-linux-gnueabihf/bin/../lib/gcc -L/home/kinsley/gcc-arm-10.2-2020.11-x86_64-arm-none-linux-gnueabihf/bin/../lib/gcc/arm-none-linux-gnueabihf/10.2.1/../../../../arm-none-linux-gnueabihf/lib -L/home/kinsley/gcc-arm-10.2-2020.11-x86_64-arm-none-linux-gnueabihf/bin/../arm-none-linux-gnueabihf/libc/lib -L/home/kinsley/gcc-arm-10.2-2020.11-x86_64-arm-none-linux-gnueabihf/bin/../arm-none-linux-gnueabihf/libc/usr/lib CMakeFiles/cmTC_0d421.dir/CMakeCXXCompilerABI.cpp.o -lstdc++ -lm -lgcc_s -lgcc -lc -lgcc_s -lgcc /home/kinsley/gcc-arm-10.2-2020.11-x86_64-arm-none-linux-gnueabihf/bin/../lib/gcc/arm-none-linux-gnueabihf/10.2.1/crtend.o /home/kinsley/gcc-arm-10.2-2020.11-x86_64-arm-none-linux-gnueabihf/bin/../arm-none-linux-gnueabihf/libc/usr/lib/crtn.o
COLLECT_GCC_OPTIONS='-v' '-rdynamic' '-o' 'cmTC_0d421' '-shared-libgcc'  '-mfloat-abi=hard' '-mfpu=neon' '-mthumb' '-mtls-dialect=gnu' '-march=armv7-a+simd'
gmake[1]: Leaving directory '/home/kinsley/project/SkyPulseUAV_Device/build/CMakeFiles/CMakeTmp'



Parsed CXX implicit include dir info from above output: rv=done
  found start of include info
  found start of implicit include info
    add: [/home/kinsley/gcc-arm-10.2-2020.11-x86_64-arm-none-linux-gnueabihf/bin/../lib/gcc/arm-none-linux-gnueabihf/10.2.1/../../../../arm-none-linux-gnueabihf/include/c++/10.2.1]
    add: [/home/kinsley/gcc-arm-10.2-2020.11-x86_64-arm-none-linux-gnueabihf/bin/../lib/gcc/arm-none-linux-gnueabihf/10.2.1/../../../../arm-none-linux-gnueabihf/include/c++/10.2.1/arm-none-linux-gnueabihf]
    add: [/home/kinsley/gcc-arm-10.2-2020.11-x86_64-arm-none-linux-gnueabihf/bin/../lib/gcc/arm-none-linux-gnueabihf/10.2.1/../../../../arm-none-linux-gnueabihf/include/c++/10.2.1/backward]
    add: [/home/kinsley/gcc-arm-10.2-2020.11-x86_64-arm-none-linux-gnueabihf/bin/../lib/gcc/arm-none-linux-gnueabihf/10.2.1/include]
    add: [/home/kinsley/gcc-arm-10.2-2020.11-x86_64-arm-none-linux-gnueabihf/bin/../lib/gcc/arm-none-linux-gnueabihf/10.2.1/include-fixed]
    add: [/home/kinsley/gcc-arm-10.2-2020.11-x86_64-arm-none-linux-gnueabihf/bin/../lib/gcc/arm-none-linux-gnueabihf/10.2.1/../../../../arm-none-linux-gnueabihf/include]
    add: [/home/kinsley/gcc-arm-10.2-2020.11-x86_64-arm-none-linux-gnueabihf/bin/../arm-none-linux-gnueabihf/libc/usr/include]
  end of search list found
  collapse include dir [/home/kinsley/gcc-arm-10.2-2020.11-x86_64-arm-none-linux-gnueabihf/bin/../lib/gcc/arm-none-linux-gnueabihf/10.2.1/../../../../arm-none-linux-gnueabihf/include/c++/10.2.1] ==> [/home/kinsley/gcc-arm-10.2-2020.11-x86_64-arm-none-linux-gnueabihf/arm-none-linux-gnueabihf/include/c++/10.2.1]
  collapse include dir [/home/kinsley/gcc-arm-10.2-2020.11-x86_64-arm-none-linux-gnueabihf/bin/../lib/gcc/arm-none-linux-gnueabihf/10.2.1/../../../../arm-none-linux-gnueabihf/include/c++/10.2.1/arm-none-linux-gnueabihf] ==> [/home/kinsley/gcc-arm-10.2-2020.11-x86_64-arm-none-linux-gnueabihf/arm-none-linux-gnueabihf/include/c++/10.2.1/arm-none-linux-gnueabihf]
  collapse include dir [/home/kinsley/gcc-arm-10.2-2020.11-x86_64-arm-none-linux-gnueabihf/bin/../lib/gcc/arm-none-linux-gnueabihf/10.2.1/../../../../arm-none-linux-gnueabihf/include/c++/10.2.1/backward] ==> [/home/kinsley/gcc-arm-10.2-2020.11-x86_64-arm-none-linux-gnueabihf/arm-none-linux-gnueabihf/include/c++/10.2.1/backward]
  collapse include dir [/home/kinsley/gcc-arm-10.2-2020.11-x86_64-arm-none-linux-gnueabihf/bin/../lib/gcc/arm-none-linux-gnueabihf/10.2.1/include] ==> [/home/kinsley/gcc-arm-10.2-2020.11-x86_64-arm-none-linux-gnueabihf/lib/gcc/arm-none-linux-gnueabihf/10.2.1/include]
  collapse include dir [/home/kinsley/gcc-arm-10.2-2020.11-x86_64-arm-none-linux-gnueabihf/bin/../lib/gcc/arm-none-linux-gnueabihf/10.2.1/include-fixed] ==> [/home/kinsley/gcc-arm-10.2-2020.11-x86_64-arm-none-linux-gnueabihf/lib/gcc/arm-none-linux-gnueabihf/10.2.1/include-fixed]
  collapse include dir [/home/kinsley/gcc-arm-10.2-2020.11-x86_64-arm-none-linux-gnueabihf/bin/../lib/gcc/arm-none-linux-gnueabihf/10.2.1/../../../../arm-none-linux-gnueabihf/include] ==> [/home/kinsley/gcc-arm-10.2-2020.11-x86_64-arm-none-linux-gnueabihf/arm-none-linux-gnueabihf/include]
  collapse include dir [/home/kinsley/gcc-arm-10.2-2020.11-x86_64-arm-none-linux-gnueabihf/bin/../arm-none-linux-gnueabihf/libc/usr/include] ==> [/home/kinsley/gcc-arm-10.2-2020.11-x86_64-arm-none-linux-gnueabihf/arm-none-linux-gnueabihf/libc/usr/include]
  implicit include dirs: [/home/kinsley/gcc-arm-10.2-2020.11-x86_64-arm-none-linux-gnueabihf/arm-none-linux-gnueabihf/include/c++/10.2.1;/home/kinsley/gcc-arm-10.2-2020.11-x86_64-arm-none-linux-gnueabihf/arm-none-linux-gnueabihf/include/c++/10.2.1/arm-none-linux-gnueabihf;/home/kinsley/gcc-arm-10.2-2020.11-x86_64-arm-none-linux-gnueabihf/arm-none-linux-gnueabihf/include/c++/10.2.1/backward;/home/kinsley/gcc-arm-10.2-2020.11-x86_64-arm-none-linux-gnueabihf/lib/gcc/arm-none-linux-gnueabihf/10.2.1/include;/home/kinsley/gcc-arm-10.2-2020.11-x86_64-arm-none-linux-gnueabihf/lib/gcc/arm-none-linux-gnueabihf/10.2.1/include-fixed;/home/kinsley/gcc-arm-10.2-2020.11-x86_64-arm-none-linux-gnueabihf/arm-none-linux-gnueabihf/include;/home/kinsley/gcc-arm-10.2-2020.11-x86_64-arm-none-linux-gnueabihf/arm-none-linux-gnueabihf/libc/usr/include]


Parsed CXX implicit link information from above output:
  link line regex: [^( *|.*[/\])(arm-none-linux-gnueabihf-ld|CMAKE_LINK_STARTFILE-NOTFOUND|([^/\]+-)?ld|collect2)[^/\]*( |$)]
  ignore line: [Change Dir: /home/kinsley/project/SkyPulseUAV_Device/build/CMakeFiles/CMakeTmp]
  ignore line: []
  ignore line: [Run Build Command(s):/usr/bin/gmake -f Makefile cmTC_0d421/fast && /usr/bin/gmake  -f CMakeFiles/cmTC_0d421.dir/build.make CMakeFiles/cmTC_0d421.dir/build]
  ignore line: [gmake[1]: Entering directory '/home/kinsley/project/SkyPulseUAV_Device/build/CMakeFiles/CMakeTmp']
  ignore line: [Building CXX object CMakeFiles/cmTC_0d421.dir/CMakeCXXCompilerABI.cpp.o]
  ignore line: [/home/kinsley/gcc-arm-10.2-2020.11-x86_64-arm-none-linux-gnueabihf/bin/arm-none-linux-gnueabihf-g++   -v -o CMakeFiles/cmTC_0d421.dir/CMakeCXXCompilerABI.cpp.o -c /usr/share/cmake-3.22/Modules/CMakeCXXCompilerABI.cpp]
  ignore line: [Using built-in specs.]
  ignore line: [COLLECT_GCC=/home/kinsley/gcc-arm-10.2-2020.11-x86_64-arm-none-linux-gnueabihf/bin/arm-none-linux-gnueabihf-g++]
  ignore line: [Target: arm-none-linux-gnueabihf]
  ignore line: [Configured with: /tmp/dgboter/bbs/build03--cen7x86_64/buildbot/cen7x86_64--arm-none-linux-gnueabihf/build/src/gcc/configure --target=arm-none-linux-gnueabihf --prefix= --with-sysroot=/arm-none-linux-gnueabihf/libc --with-build-sysroot=/tmp/dgboter/bbs/build03--cen7x86_64/buildbot/cen7x86_64--arm-none-linux-gnueabihf/build/build-arm-none-linux-gnueabihf/install//arm-none-linux-gnueabihf/libc --with-bugurl=https://bugs.linaro.org/ --enable-gnu-indirect-function --enable-shared --disable-libssp --disable-libmudflap --enable-checking=release --enable-languages=c c++ fortran --with-gmp=/tmp/dgboter/bbs/build03--cen7x86_64/buildbot/cen7x86_64--arm-none-linux-gnueabihf/build/build-arm-none-linux-gnueabihf/host-tools --with-mpfr=/tmp/dgboter/bbs/build03--cen7x86_64/buildbot/cen7x86_64--arm-none-linux-gnueabihf/build/build-arm-none-linux-gnueabihf/host-tools --with-mpc=/tmp/dgboter/bbs/build03--cen7x86_64/buildbot/cen7x86_64--arm-none-linux-gnueabihf/build/build-arm-none-linux-gnueabihf/host-tools --with-isl=/tmp/dgboter/bbs/build03--cen7x86_64/buildbot/cen7x86_64--arm-none-linux-gnueabihf/build/build-arm-none-linux-gnueabihf/host-tools --with-arch=armv7-a --with-fpu=neon --with-float=hard --with-mode=thumb --with-arch=armv7-a --with-pkgversion='GNU Toolchain for the A-profile Architecture 10.2-2020.11 (arm-10.16)']
  ignore line: [Thread model: posix]
  ignore line: [Supported LTO compression algorithms: zlib]
  ignore line: [gcc version 10.2.1 20201103 (GNU Toolchain for the A-profile Architecture 10.2-2020.11 (arm-10.16)) ]
  ignore line: [COLLECT_GCC_OPTIONS='-v' '-o' 'CMakeFiles/cmTC_0d421.dir/CMakeCXXCompilerABI.cpp.o' '-c' '-shared-libgcc'  '-mfloat-abi=hard' '-mfpu=neon' '-mthumb' '-mtls-dialect=gnu' '-march=armv7-a+simd']
  ignore line: [ /home/kinsley/gcc-arm-10.2-2020.11-x86_64-arm-none-linux-gnueabihf/bin/../libexec/gcc/arm-none-linux-gnueabihf/10.2.1/cc1plus -quiet -v -iprefix /home/kinsley/gcc-arm-10.2-2020.11-x86_64-arm-none-linux-gnueabihf/bin/../lib/gcc/arm-none-linux-gnueabihf/10.2.1/ -isysroot /home/kinsley/gcc-arm-10.2-2020.11-x86_64-arm-none-linux-gnueabihf/bin/../arm-none-linux-gnueabihf/libc -D_GNU_SOURCE /usr/share/cmake-3.22/Modules/CMakeCXXCompilerABI.cpp -quiet -dumpbase CMakeCXXCompilerABI.cpp -mfloat-abi=hard -mfpu=neon -mthumb -mtls-dialect=gnu -march=armv7-a+simd -auxbase-strip CMakeFiles/cmTC_0d421.dir/CMakeCXXCompilerABI.cpp.o -version -o /tmp/cccfIXnT.s]
  ignore line: [GNU C++14 (GNU Toolchain for the A-profile Architecture 10.2-2020.11 (arm-10.16)) version 10.2.1 20201103 (arm-none-linux-gnueabihf)]
  ignore line: [	compiled by GNU C version 4.8.5 20150623 (Red Hat 4.8.5-39)  GMP version 4.3.2  MPFR version 3.1.6  MPC version 1.0.3  isl version isl-0.15-1-g835ea3a-GMP]
  ignore line: []
  ignore line: [GGC heuristics: --param ggc-min-expand=100 --param ggc-min-heapsize=131072]
  ignore line: [ignoring duplicate directory "/home/kinsley/gcc-arm-10.2-2020.11-x86_64-arm-none-linux-gnueabihf/bin/../lib/gcc/../../lib/gcc/arm-none-linux-gnueabihf/10.2.1/../../../../arm-none-linux-gnueabihf/include/c++/10.2.1"]
  ignore line: [ignoring duplicate directory "/home/kinsley/gcc-arm-10.2-2020.11-x86_64-arm-none-linux-gnueabihf/bin/../lib/gcc/../../lib/gcc/arm-none-linux-gnueabihf/10.2.1/../../../../arm-none-linux-gnueabihf/include/c++/10.2.1/arm-none-linux-gnueabihf"]
  ignore line: [ignoring duplicate directory "/home/kinsley/gcc-arm-10.2-2020.11-x86_64-arm-none-linux-gnueabihf/bin/../lib/gcc/../../lib/gcc/arm-none-linux-gnueabihf/10.2.1/../../../../arm-none-linux-gnueabihf/include/c++/10.2.1/backward"]
  ignore line: [ignoring duplicate directory "/home/kinsley/gcc-arm-10.2-2020.11-x86_64-arm-none-linux-gnueabihf/bin/../lib/gcc/../../lib/gcc/arm-none-linux-gnueabihf/10.2.1/include"]
  ignore line: [ignoring nonexistent directory "/home/kinsley/gcc-arm-10.2-2020.11-x86_64-arm-none-linux-gnueabihf/bin/../arm-none-linux-gnueabihf/libc/usr/local/include"]
  ignore line: [ignoring duplicate directory "/home/kinsley/gcc-arm-10.2-2020.11-x86_64-arm-none-linux-gnueabihf/bin/../lib/gcc/../../lib/gcc/arm-none-linux-gnueabihf/10.2.1/include-fixed"]
  ignore line: [ignoring duplicate directory "/home/kinsley/gcc-arm-10.2-2020.11-x86_64-arm-none-linux-gnueabihf/bin/../lib/gcc/../../lib/gcc/arm-none-linux-gnueabihf/10.2.1/../../../../arm-none-linux-gnueabihf/include"]
  ignore line: [#include "..." search starts here:]
  ignore line: [#include <...> search starts here:]
  ignore line: [ /home/kinsley/gcc-arm-10.2-2020.11-x86_64-arm-none-linux-gnueabihf/bin/../lib/gcc/arm-none-linux-gnueabihf/10.2.1/../../../../arm-none-linux-gnueabihf/include/c++/10.2.1]
  ignore line: [ /home/kinsley/gcc-arm-10.2-2020.11-x86_64-arm-none-linux-gnueabihf/bin/../lib/gcc/arm-none-linux-gnueabihf/10.2.1/../../../../arm-none-linux-gnueabihf/include/c++/10.2.1/arm-none-linux-gnueabihf]
  ignore line: [ /home/kinsley/gcc-arm-10.2-2020.11-x86_64-arm-none-linux-gnueabihf/bin/../lib/gcc/arm-none-linux-gnueabihf/10.2.1/../../../../arm-none-linux-gnueabihf/include/c++/10.2.1/backward]
  ignore line: [ /home/kinsley/gcc-arm-10.2-2020.11-x86_64-arm-none-linux-gnueabihf/bin/../lib/gcc/arm-none-linux-gnueabihf/10.2.1/include]
  ignore line: [ /home/kinsley/gcc-arm-10.2-2020.11-x86_64-arm-none-linux-gnueabihf/bin/../lib/gcc/arm-none-linux-gnueabihf/10.2.1/include-fixed]
  ignore line: [ /home/kinsley/gcc-arm-10.2-2020.11-x86_64-arm-none-linux-gnueabihf/bin/../lib/gcc/arm-none-linux-gnueabihf/10.2.1/../../../../arm-none-linux-gnueabihf/include]
  ignore line: [ /home/kinsley/gcc-arm-10.2-2020.11-x86_64-arm-none-linux-gnueabihf/bin/../arm-none-linux-gnueabihf/libc/usr/include]
  ignore line: [End of search list.]
  ignore line: [GNU C++14 (GNU Toolchain for the A-profile Architecture 10.2-2020.11 (arm-10.16)) version 10.2.1 20201103 (arm-none-linux-gnueabihf)]
  ignore line: [	compiled by GNU C version 4.8.5 20150623 (Red Hat 4.8.5-39)  GMP version 4.3.2  MPFR version 3.1.6  MPC version 1.0.3  isl version isl-0.15-1-g835ea3a-GMP]
  ignore line: []
  ignore line: [GGC heuristics: --param ggc-min-expand=100 --param ggc-min-heapsize=131072]
  ignore line: [Compiler executable checksum: c5f02c228245ba51a1e9d6b4452ebf12]
  ignore line: [COLLECT_GCC_OPTIONS='-v' '-o' 'CMakeFiles/cmTC_0d421.dir/CMakeCXXCompilerABI.cpp.o' '-c' '-shared-libgcc'  '-mfloat-abi=hard' '-mfpu=neon' '-mthumb' '-mtls-dialect=gnu' '-march=armv7-a+simd']
  ignore line: [ /home/kinsley/gcc-arm-10.2-2020.11-x86_64-arm-none-linux-gnueabihf/bin/../lib/gcc/arm-none-linux-gnueabihf/10.2.1/../../../../arm-none-linux-gnueabihf/bin/as -v -march=armv7-a -mfloat-abi=hard -mfpu=neon -meabi=5 -o CMakeFiles/cmTC_0d421.dir/CMakeCXXCompilerABI.cpp.o /tmp/cccfIXnT.s]
  ignore line: [GNU assembler version 2.35.1 (arm-none-linux-gnueabihf) using BFD version (GNU Toolchain for the A-profile Architecture 10.2-2020.11 (arm-10.16)) 2.35.1.20201028]
  ignore line: [COMPILER_PATH=/home/kinsley/gcc-arm-10.2-2020.11-x86_64-arm-none-linux-gnueabihf/bin/../libexec/gcc/arm-none-linux-gnueabihf/10.2.1/:/home/kinsley/gcc-arm-10.2-2020.11-x86_64-arm-none-linux-gnueabihf/bin/../libexec/gcc/:/home/kinsley/gcc-arm-10.2-2020.11-x86_64-arm-none-linux-gnueabihf/bin/../lib/gcc/arm-none-linux-gnueabihf/10.2.1/../../../../arm-none-linux-gnueabihf/bin/]
  ignore line: [LIBRARY_PATH=/home/kinsley/gcc-arm-10.2-2020.11-x86_64-arm-none-linux-gnueabihf/bin/../lib/gcc/arm-none-linux-gnueabihf/10.2.1/:/home/kinsley/gcc-arm-10.2-2020.11-x86_64-arm-none-linux-gnueabihf/bin/../lib/gcc/:/home/kinsley/gcc-arm-10.2-2020.11-x86_64-arm-none-linux-gnueabihf/bin/../lib/gcc/arm-none-linux-gnueabihf/10.2.1/../../../../arm-none-linux-gnueabihf/lib/:/home/kinsley/gcc-arm-10.2-2020.11-x86_64-arm-none-linux-gnueabihf/bin/../arm-none-linux-gnueabihf/libc/lib/:/home/kinsley/gcc-arm-10.2-2020.11-x86_64-arm-none-linux-gnueabihf/bin/../arm-none-linux-gnueabihf/libc/usr/lib/]
  ignore line: [COLLECT_GCC_OPTIONS='-v' '-o' 'CMakeFiles/cmTC_0d421.dir/CMakeCXXCompilerABI.cpp.o' '-c' '-shared-libgcc'  '-mfloat-abi=hard' '-mfpu=neon' '-mthumb' '-mtls-dialect=gnu' '-march=armv7-a+simd']
  ignore line: [Linking CXX executable cmTC_0d421]
  ignore line: [/usr/bin/cmake -E cmake_link_script CMakeFiles/cmTC_0d421.dir/link.txt --verbose=1]
  ignore line: [/home/kinsley/gcc-arm-10.2-2020.11-x86_64-arm-none-linux-gnueabihf/bin/arm-none-linux-gnueabihf-g++  -v -rdynamic CMakeFiles/cmTC_0d421.dir/CMakeCXXCompilerABI.cpp.o -o cmTC_0d421 ]
  ignore line: [Using built-in specs.]
  ignore line: [COLLECT_GCC=/home/kinsley/gcc-arm-10.2-2020.11-x86_64-arm-none-linux-gnueabihf/bin/arm-none-linux-gnueabihf-g++]
  ignore line: [COLLECT_LTO_WRAPPER=/home/kinsley/gcc-arm-10.2-2020.11-x86_64-arm-none-linux-gnueabihf/bin/../libexec/gcc/arm-none-linux-gnueabihf/10.2.1/lto-wrapper]
  ignore line: [Target: arm-none-linux-gnueabihf]
  ignore line: [Configured with: /tmp/dgboter/bbs/build03--cen7x86_64/buildbot/cen7x86_64--arm-none-linux-gnueabihf/build/src/gcc/configure --target=arm-none-linux-gnueabihf --prefix= --with-sysroot=/arm-none-linux-gnueabihf/libc --with-build-sysroot=/tmp/dgboter/bbs/build03--cen7x86_64/buildbot/cen7x86_64--arm-none-linux-gnueabihf/build/build-arm-none-linux-gnueabihf/install//arm-none-linux-gnueabihf/libc --with-bugurl=https://bugs.linaro.org/ --enable-gnu-indirect-function --enable-shared --disable-libssp --disable-libmudflap --enable-checking=release --enable-languages=c c++ fortran --with-gmp=/tmp/dgboter/bbs/build03--cen7x86_64/buildbot/cen7x86_64--arm-none-linux-gnueabihf/build/build-arm-none-linux-gnueabihf/host-tools --with-mpfr=/tmp/dgboter/bbs/build03--cen7x86_64/buildbot/cen7x86_64--arm-none-linux-gnueabihf/build/build-arm-none-linux-gnueabihf/host-tools --with-mpc=/tmp/dgboter/bbs/build03--cen7x86_64/buildbot/cen7x86_64--arm-none-linux-gnueabihf/build/build-arm-none-linux-gnueabihf/host-tools --with-isl=/tmp/dgboter/bbs/build03--cen7x86_64/buildbot/cen7x86_64--arm-none-linux-gnueabihf/build/build-arm-none-linux-gnueabihf/host-tools --with-arch=armv7-a --with-fpu=neon --with-float=hard --with-mode=thumb --with-arch=armv7-a --with-pkgversion='GNU Toolchain for the A-profile Architecture 10.2-2020.11 (arm-10.16)']
  ignore line: [Thread model: posix]
  ignore line: [Supported LTO compression algorithms: zlib]
  ignore line: [gcc version 10.2.1 20201103 (GNU Toolchain for the A-profile Architecture 10.2-2020.11 (arm-10.16)) ]
  ignore line: [COMPILER_PATH=/home/kinsley/gcc-arm-10.2-2020.11-x86_64-arm-none-linux-gnueabihf/bin/../libexec/gcc/arm-none-linux-gnueabihf/10.2.1/:/home/kinsley/gcc-arm-10.2-2020.11-x86_64-arm-none-linux-gnueabihf/bin/../libexec/gcc/:/home/kinsley/gcc-arm-10.2-2020.11-x86_64-arm-none-linux-gnueabihf/bin/../lib/gcc/arm-none-linux-gnueabihf/10.2.1/../../../../arm-none-linux-gnueabihf/bin/]
  ignore line: [LIBRARY_PATH=/home/kinsley/gcc-arm-10.2-2020.11-x86_64-arm-none-linux-gnueabihf/bin/../lib/gcc/arm-none-linux-gnueabihf/10.2.1/:/home/kinsley/gcc-arm-10.2-2020.11-x86_64-arm-none-linux-gnueabihf/bin/../lib/gcc/:/home/kinsley/gcc-arm-10.2-2020.11-x86_64-arm-none-linux-gnueabihf/bin/../lib/gcc/arm-none-linux-gnueabihf/10.2.1/../../../../arm-none-linux-gnueabihf/lib/:/home/kinsley/gcc-arm-10.2-2020.11-x86_64-arm-none-linux-gnueabihf/bin/../arm-none-linux-gnueabihf/libc/lib/:/home/kinsley/gcc-arm-10.2-2020.11-x86_64-arm-none-linux-gnueabihf/bin/../arm-none-linux-gnueabihf/libc/usr/lib/]
  ignore line: [COLLECT_GCC_OPTIONS='-v' '-rdynamic' '-o' 'cmTC_0d421' '-shared-libgcc'  '-mfloat-abi=hard' '-mfpu=neon' '-mthumb' '-mtls-dialect=gnu' '-march=armv7-a+simd']
  link line: [ /home/kinsley/gcc-arm-10.2-2020.11-x86_64-arm-none-linux-gnueabihf/bin/../libexec/gcc/arm-none-linux-gnueabihf/10.2.1/collect2 -plugin /home/kinsley/gcc-arm-10.2-2020.11-x86_64-arm-none-linux-gnueabihf/bin/../libexec/gcc/arm-none-linux-gnueabihf/10.2.1/liblto_plugin.so -plugin-opt=/home/kinsley/gcc-arm-10.2-2020.11-x86_64-arm-none-linux-gnueabihf/bin/../libexec/gcc/arm-none-linux-gnueabihf/10.2.1/lto-wrapper -plugin-opt=-fresolution=/tmp/ccoFXaYJ.res -plugin-opt=-pass-through=-lgcc_s -plugin-opt=-pass-through=-lgcc -plugin-opt=-pass-through=-lc -plugin-opt=-pass-through=-lgcc_s -plugin-opt=-pass-through=-lgcc --sysroot=/home/kinsley/gcc-arm-10.2-2020.11-x86_64-arm-none-linux-gnueabihf/bin/../arm-none-linux-gnueabihf/libc --eh-frame-hdr -export-dynamic -dynamic-linker /lib/ld-linux-armhf.so.3 -X -m armelf_linux_eabi -o cmTC_0d421 /home/kinsley/gcc-arm-10.2-2020.11-x86_64-arm-none-linux-gnueabihf/bin/../arm-none-linux-gnueabihf/libc/usr/lib/crt1.o /home/kinsley/gcc-arm-10.2-2020.11-x86_64-arm-none-linux-gnueabihf/bin/../arm-none-linux-gnueabihf/libc/usr/lib/crti.o /home/kinsley/gcc-arm-10.2-2020.11-x86_64-arm-none-linux-gnueabihf/bin/../lib/gcc/arm-none-linux-gnueabihf/10.2.1/crtbegin.o -L/home/kinsley/gcc-arm-10.2-2020.11-x86_64-arm-none-linux-gnueabihf/bin/../lib/gcc/arm-none-linux-gnueabihf/10.2.1 -L/home/kinsley/gcc-arm-10.2-2020.11-x86_64-arm-none-linux-gnueabihf/bin/../lib/gcc -L/home/kinsley/gcc-arm-10.2-2020.11-x86_64-arm-none-linux-gnueabihf/bin/../lib/gcc/arm-none-linux-gnueabihf/10.2.1/../../../../arm-none-linux-gnueabihf/lib -L/home/kinsley/gcc-arm-10.2-2020.11-x86_64-arm-none-linux-gnueabihf/bin/../arm-none-linux-gnueabihf/libc/lib -L/home/kinsley/gcc-arm-10.2-2020.11-x86_64-arm-none-linux-gnueabihf/bin/../arm-none-linux-gnueabihf/libc/usr/lib CMakeFiles/cmTC_0d421.dir/CMakeCXXCompilerABI.cpp.o -lstdc++ -lm -lgcc_s -lgcc -lc -lgcc_s -lgcc /home/kinsley/gcc-arm-10.2-2020.11-x86_64-arm-none-linux-gnueabihf/bin/../lib/gcc/arm-none-linux-gnueabihf/10.2.1/crtend.o /home/kinsley/gcc-arm-10.2-2020.11-x86_64-arm-none-linux-gnueabihf/bin/../arm-none-linux-gnueabihf/libc/usr/lib/crtn.o]
    arg [/home/kinsley/gcc-arm-10.2-2020.11-x86_64-arm-none-linux-gnueabihf/bin/../libexec/gcc/arm-none-linux-gnueabihf/10.2.1/collect2] ==> ignore
    arg [-plugin] ==> ignore
    arg [/home/kinsley/gcc-arm-10.2-2020.11-x86_64-arm-none-linux-gnueabihf/bin/../libexec/gcc/arm-none-linux-gnueabihf/10.2.1/liblto_plugin.so] ==> ignore
    arg [-plugin-opt=/home/kinsley/gcc-arm-10.2-2020.11-x86_64-arm-none-linux-gnueabihf/bin/../libexec/gcc/arm-none-linux-gnueabihf/10.2.1/lto-wrapper] ==> ignore
    arg [-plugin-opt=-fresolution=/tmp/ccoFXaYJ.res] ==> ignore
    arg [-plugin-opt=-pass-through=-lgcc_s] ==> ignore
    arg [-plugin-opt=-pass-through=-lgcc] ==> ignore
    arg [-plugin-opt=-pass-through=-lc] ==> ignore
    arg [-plugin-opt=-pass-through=-lgcc_s] ==> ignore
    arg [-plugin-opt=-pass-through=-lgcc] ==> ignore
    arg [--sysroot=/home/kinsley/gcc-arm-10.2-2020.11-x86_64-arm-none-linux-gnueabihf/bin/../arm-none-linux-gnueabihf/libc] ==> ignore
    arg [--eh-frame-hdr] ==> ignore
    arg [-export-dynamic] ==> ignore
    arg [-dynamic-linker] ==> ignore
    arg [/lib/ld-linux-armhf.so.3] ==> ignore
    arg [-X] ==> ignore
    arg [-m] ==> ignore
    arg [armelf_linux_eabi] ==> ignore
    arg [-o] ==> ignore
    arg [cmTC_0d421] ==> ignore
    arg [/home/kinsley/gcc-arm-10.2-2020.11-x86_64-arm-none-linux-gnueabihf/bin/../arm-none-linux-gnueabihf/libc/usr/lib/crt1.o] ==> obj [/home/kinsley/gcc-arm-10.2-2020.11-x86_64-arm-none-linux-gnueabihf/bin/../arm-none-linux-gnueabihf/libc/usr/lib/crt1.o]
    arg [/home/kinsley/gcc-arm-10.2-2020.11-x86_64-arm-none-linux-gnueabihf/bin/../arm-none-linux-gnueabihf/libc/usr/lib/crti.o] ==> obj [/home/kinsley/gcc-arm-10.2-2020.11-x86_64-arm-none-linux-gnueabihf/bin/../arm-none-linux-gnueabihf/libc/usr/lib/crti.o]
    arg [/home/kinsley/gcc-arm-10.2-2020.11-x86_64-arm-none-linux-gnueabihf/bin/../lib/gcc/arm-none-linux-gnueabihf/10.2.1/crtbegin.o] ==> obj [/home/kinsley/gcc-arm-10.2-2020.11-x86_64-arm-none-linux-gnueabihf/bin/../lib/gcc/arm-none-linux-gnueabihf/10.2.1/crtbegin.o]
    arg [-L/home/kinsley/gcc-arm-10.2-2020.11-x86_64-arm-none-linux-gnueabihf/bin/../lib/gcc/arm-none-linux-gnueabihf/10.2.1] ==> dir [/home/kinsley/gcc-arm-10.2-2020.11-x86_64-arm-none-linux-gnueabihf/bin/../lib/gcc/arm-none-linux-gnueabihf/10.2.1]
    arg [-L/home/kinsley/gcc-arm-10.2-2020.11-x86_64-arm-none-linux-gnueabihf/bin/../lib/gcc] ==> dir [/home/kinsley/gcc-arm-10.2-2020.11-x86_64-arm-none-linux-gnueabihf/bin/../lib/gcc]
    arg [-L/home/kinsley/gcc-arm-10.2-2020.11-x86_64-arm-none-linux-gnueabihf/bin/../lib/gcc/arm-none-linux-gnueabihf/10.2.1/../../../../arm-none-linux-gnueabihf/lib] ==> dir [/home/kinsley/gcc-arm-10.2-2020.11-x86_64-arm-none-linux-gnueabihf/bin/../lib/gcc/arm-none-linux-gnueabihf/10.2.1/../../../../arm-none-linux-gnueabihf/lib]
    arg [-L/home/kinsley/gcc-arm-10.2-2020.11-x86_64-arm-none-linux-gnueabihf/bin/../arm-none-linux-gnueabihf/libc/lib] ==> dir [/home/kinsley/gcc-arm-10.2-2020.11-x86_64-arm-none-linux-gnueabihf/bin/../arm-none-linux-gnueabihf/libc/lib]
    arg [-L/home/kinsley/gcc-arm-10.2-2020.11-x86_64-arm-none-linux-gnueabihf/bin/../arm-none-linux-gnueabihf/libc/usr/lib] ==> dir [/home/kinsley/gcc-arm-10.2-2020.11-x86_64-arm-none-linux-gnueabihf/bin/../arm-none-linux-gnueabihf/libc/usr/lib]
    arg [CMakeFiles/cmTC_0d421.dir/CMakeCXXCompilerABI.cpp.o] ==> ignore
    arg [-lstdc++] ==> lib [stdc++]
    arg [-lm] ==> lib [m]
    arg [-lgcc_s] ==> lib [gcc_s]
    arg [-lgcc] ==> lib [gcc]
    arg [-lc] ==> lib [c]
    arg [-lgcc_s] ==> lib [gcc_s]
    arg [-lgcc] ==> lib [gcc]
    arg [/home/kinsley/gcc-arm-10.2-2020.11-x86_64-arm-none-linux-gnueabihf/bin/../lib/gcc/arm-none-linux-gnueabihf/10.2.1/crtend.o] ==> obj [/home/kinsley/gcc-arm-10.2-2020.11-x86_64-arm-none-linux-gnueabihf/bin/../lib/gcc/arm-none-linux-gnueabihf/10.2.1/crtend.o]
    arg [/home/kinsley/gcc-arm-10.2-2020.11-x86_64-arm-none-linux-gnueabihf/bin/../arm-none-linux-gnueabihf/libc/usr/lib/crtn.o] ==> obj [/home/kinsley/gcc-arm-10.2-2020.11-x86_64-arm-none-linux-gnueabihf/bin/../arm-none-linux-gnueabihf/libc/usr/lib/crtn.o]
  collapse obj [/home/kinsley/gcc-arm-10.2-2020.11-x86_64-arm-none-linux-gnueabihf/bin/../arm-none-linux-gnueabihf/libc/usr/lib/crt1.o] ==> [/home/kinsley/gcc-arm-10.2-2020.11-x86_64-arm-none-linux-gnueabihf/arm-none-linux-gnueabihf/libc/usr/lib/crt1.o]
  collapse obj [/home/kinsley/gcc-arm-10.2-2020.11-x86_64-arm-none-linux-gnueabihf/bin/../arm-none-linux-gnueabihf/libc/usr/lib/crti.o] ==> [/home/kinsley/gcc-arm-10.2-2020.11-x86_64-arm-none-linux-gnueabihf/arm-none-linux-gnueabihf/libc/usr/lib/crti.o]
  collapse obj [/home/kinsley/gcc-arm-10.2-2020.11-x86_64-arm-none-linux-gnueabihf/bin/../lib/gcc/arm-none-linux-gnueabihf/10.2.1/crtbegin.o] ==> [/home/kinsley/gcc-arm-10.2-2020.11-x86_64-arm-none-linux-gnueabihf/lib/gcc/arm-none-linux-gnueabihf/10.2.1/crtbegin.o]
  collapse obj [/home/kinsley/gcc-arm-10.2-2020.11-x86_64-arm-none-linux-gnueabihf/bin/../lib/gcc/arm-none-linux-gnueabihf/10.2.1/crtend.o] ==> [/home/kinsley/gcc-arm-10.2-2020.11-x86_64-arm-none-linux-gnueabihf/lib/gcc/arm-none-linux-gnueabihf/10.2.1/crtend.o]
  collapse obj [/home/kinsley/gcc-arm-10.2-2020.11-x86_64-arm-none-linux-gnueabihf/bin/../arm-none-linux-gnueabihf/libc/usr/lib/crtn.o] ==> [/home/kinsley/gcc-arm-10.2-2020.11-x86_64-arm-none-linux-gnueabihf/arm-none-linux-gnueabihf/libc/usr/lib/crtn.o]
  collapse library dir [/home/kinsley/gcc-arm-10.2-2020.11-x86_64-arm-none-linux-gnueabihf/bin/../lib/gcc/arm-none-linux-gnueabihf/10.2.1] ==> [/home/kinsley/gcc-arm-10.2-2020.11-x86_64-arm-none-linux-gnueabihf/lib/gcc/arm-none-linux-gnueabihf/10.2.1]
  collapse library dir [/home/kinsley/gcc-arm-10.2-2020.11-x86_64-arm-none-linux-gnueabihf/bin/../lib/gcc] ==> [/home/kinsley/gcc-arm-10.2-2020.11-x86_64-arm-none-linux-gnueabihf/lib/gcc]
  collapse library dir [/home/kinsley/gcc-arm-10.2-2020.11-x86_64-arm-none-linux-gnueabihf/bin/../lib/gcc/arm-none-linux-gnueabihf/10.2.1/../../../../arm-none-linux-gnueabihf/lib] ==> [/home/kinsley/gcc-arm-10.2-2020.11-x86_64-arm-none-linux-gnueabihf/arm-none-linux-gnueabihf/lib]
  collapse library dir [/home/kinsley/gcc-arm-10.2-2020.11-x86_64-arm-none-linux-gnueabihf/bin/../arm-none-linux-gnueabihf/libc/lib] ==> [/home/kinsley/gcc-arm-10.2-2020.11-x86_64-arm-none-linux-gnueabihf/arm-none-linux-gnueabihf/libc/lib]
  collapse library dir [/home/kinsley/gcc-arm-10.2-2020.11-x86_64-arm-none-linux-gnueabihf/bin/../arm-none-linux-gnueabihf/libc/usr/lib] ==> [/home/kinsley/gcc-arm-10.2-2020.11-x86_64-arm-none-linux-gnueabihf/arm-none-linux-gnueabihf/libc/usr/lib]
  implicit libs: [stdc++;m;gcc_s;gcc;c;gcc_s;gcc]
  implicit objs: [/home/kinsley/gcc-arm-10.2-2020.11-x86_64-arm-none-linux-gnueabihf/arm-none-linux-gnueabihf/libc/usr/lib/crt1.o;/home/kinsley/gcc-arm-10.2-2020.11-x86_64-arm-none-linux-gnueabihf/arm-none-linux-gnueabihf/libc/usr/lib/crti.o;/home/kinsley/gcc-arm-10.2-2020.11-x86_64-arm-none-linux-gnueabihf/lib/gcc/arm-none-linux-gnueabihf/10.2.1/crtbegin.o;/home/kinsley/gcc-arm-10.2-2020.11-x86_64-arm-none-linux-gnueabihf/lib/gcc/arm-none-linux-gnueabihf/10.2.1/crtend.o;/home/kinsley/gcc-arm-10.2-2020.11-x86_64-arm-none-linux-gnueabihf/arm-none-linux-gnueabihf/libc/usr/lib/crtn.o]
  implicit dirs: [/home/kinsley/gcc-arm-10.2-2020.11-x86_64-arm-none-linux-gnueabihf/lib/gcc/arm-none-linux-gnueabihf/10.2.1;/home/kinsley/gcc-arm-10.2-2020.11-x86_64-arm-none-linux-gnueabihf/lib/gcc;/home/kinsley/gcc-arm-10.2-2020.11-x86_64-arm-none-linux-gnueabihf/arm-none-linux-gnueabihf/lib;/home/kinsley/gcc-arm-10.2-2020.11-x86_64-arm-none-linux-gnueabihf/arm-none-linux-gnueabihf/libc/lib;/home/kinsley/gcc-arm-10.2-2020.11-x86_64-arm-none-linux-gnueabihf/arm-none-linux-gnueabihf/libc/usr/lib]
  implicit fwks: []


